#
# There is insufficient memory for the Java Runtime Environment to continue.
# Native memory allocation (malloc) failed to allocate 880000 bytes for Chunk::new
# Possible reasons:
#   The system is out of physical RAM or swap space
#   The process is running with CompressedOops enabled, and the Java Heap may be blocking the growth of the native heap
# Possible solutions:
#   Reduce memory load on the system
#   Increase physical memory or swap space
#   Check if swap backing store is full
#   Decrease Java heap size (-Xmx/-Xms)
#   Decrease number of Java threads
#   Decrease Java thread stack sizes (-Xss)
#   Set larger code cache with -XX:ReservedCodeCacheSize=
#   JVM is running with Unscaled Compressed Oops mode in which the Java heap is
#     placed in the first 4GB address space. The Java Heap base address is the
#     maximum limit for the native heap growth. Please use -XX:HeapBaseMinAddress
#     to set the Java Heap base and to place the Java Heap above 4GB virtual address.
# This output file may be truncated or incomplete.
#
#  Out of Memory Error (allocation.cpp:389), pid=9532, tid=0x0000000000000ab0
#
# JRE version: Java(TM) SE Runtime Environment (8.0_271-b09) (build 1.8.0_271-b09)
# Java VM: Java HotSpot(TM) 64-Bit Server VM (25.271-b09 mixed mode windows-amd64 compressed oops)
# Failed to write core dump. Minidumps are not enabled by default on client versions of Windows
#

---------------  T H R E A D  ---------------

Current thread (0x000002035c459800):  JavaThread "C2 CompilerThread1" daemon [_thread_in_native, id=2736, stack(0x000000744a400000,0x000000744a500000)]

Stack: [0x000000744a400000,0x000000744a500000]
Native frames: (J=compiled Java code, j=interpreted, Vv=VM code, C=native code)
V  [jvm.dll+0x33f6c9]
V  [jvm.dll+0x286122]
V  [jvm.dll+0x286dcd]
V  [jvm.dll+0x27d805]
V  [jvm.dll+0xe574c]
V  [jvm.dll+0xe5f4c]
V  [jvm.dll+0x480095]
V  [jvm.dll+0x447c30]
V  [jvm.dll+0x450c25]
V  [jvm.dll+0x44ffe5]
V  [jvm.dll+0x43aef7]
V  [jvm.dll+0xbc3eb]
V  [jvm.dll+0xbaa4b]
V  [jvm.dll+0x24e7c2]
V  [jvm.dll+0x2a2dcc]
C  [ucrtbase.dll+0x21bb2]
C  [KERNEL32.DLL+0x17034]
C  [ntdll.dll+0x52651]


Current CompileTask:
C2:  11197 4474       4       org.jetbrains.kotlin.parsing.AbstractKotlinParsing::atSet (113 bytes)


---------------  P R O C E S S  ---------------

Java Threads: ( => current thread )
  0x000002035c4d3000 JavaThread "Service Thread" daemon [_thread_blocked, id=8976, stack(0x000000744a600000,0x000000744a700000)]
  0x000002035c467000 JavaThread "C1 CompilerThread2" daemon [_thread_blocked, id=10936, stack(0x000000744a500000,0x000000744a600000)]
=>0x000002035c459800 JavaThread "C2 CompilerThread1" daemon [_thread_in_native, id=2736, stack(0x000000744a400000,0x000000744a500000)]
  0x000002035c44c800 JavaThread "C2 CompilerThread0" daemon [_thread_in_native, id=12872, stack(0x000000744a300000,0x000000744a400000)]
  0x000002035c44b800 JavaThread "Attach Listener" daemon [_thread_blocked, id=3624, stack(0x000000744a200000,0x000000744a300000)]
  0x000002035c44a800 JavaThread "Signal Dispatcher" daemon [_thread_blocked, id=12656, stack(0x000000744a100000,0x000000744a200000)]
  0x000002035bcfe000 JavaThread "Finalizer" daemon [_thread_blocked, id=1728, stack(0x000000744a000000,0x000000744a100000)]
  0x000002035c426000 JavaThread "Reference Handler" daemon [_thread_blocked, id=8068, stack(0x0000007449f00000,0x000000744a000000)]
  0x0000020348335000 JavaThread "main" [_thread_in_Java, id=11572, stack(0x0000007449900000,0x0000007449a00000)]

Other Threads:
  0x000002035c402800 VMThread [stack: 0x0000007449e00000,0x0000007449f00000] [id=10500]
  0x000002035c4fe800 WatcherThread [stack: 0x000000744a700000,0x000000744a800000] [id=1784]

VM state:not at safepoint (normal execution)

VM Mutex/Monitor currently owned by a thread: None

heap address: 0x00000000c1600000, size: 1002 MB, Compressed Oops mode: 32-bit
Narrow klass base: 0x0000000000000000, Narrow klass shift: 3
Compressed class space size: 1073741824 Address: 0x0000000100000000

Heap:
 PSYoungGen      total 130048K, used 23642K [0x00000000eb200000, 0x00000000f4600000, 0x0000000100000000)
  eden space 108544K, 1% used [0x00000000eb200000,0x00000000eb41e070,0x00000000f1c00000)
  from space 21504K, 99% used [0x00000000f1c00000,0x00000000f30f8ad0,0x00000000f3100000)
  to   space 19456K, 0% used [0x00000000f3200000,0x00000000f3200000,0x00000000f4500000)
 ParOldGen       total 75264K, used 35622K [0x00000000c1600000, 0x00000000c5f80000, 0x00000000eb200000)
  object space 75264K, 47% used [0x00000000c1600000,0x00000000c38c9a80,0x00000000c5f80000)
 Metaspace       used 46341K, capacity 47152K, committed 47744K, reserved 1091584K
  class space    used 5701K, capacity 5912K, committed 6016K, reserved 1048576K

Card table byte_map: [0x0000020358f60000,0x0000020359160000] byte_map_base: 0x0000020358955000

Marking Bits: (ParMarkBitMap*) 0x0000000052eb7fe0
 Begin Bits: [0x00000203592b0000, 0x000002035a258000)
 End Bits:   [0x000002035a258000, 0x000002035b200000)

Polling page: 0x0000020348290000

CodeCache: size=245760Kb used=15645Kb max_used=15650Kb free=230114Kb
 bounds [0x0000020349ba0000, 0x000002034ab00000, 0x0000020358ba0000]
 total_blobs=5178 nmethods=4667 adapters=423
 compilation: enabled

Compilation events (10 events):
Event: 11.135 Thread 0x000002035c467000 nmethod 4908 0x000002034aac1a50 code [0x000002034aac1ba0, 0x000002034aac1cb8]
Event: 11.135 Thread 0x000002035c467000 4909       1       org.jetbrains.kotlin.resolve.calls.model.KotlinCallComponents::getStatelessCallbacks (5 bytes)
Event: 11.135 Thread 0x000002035c467000 nmethod 4909 0x000002034aac1790 code [0x000002034aac18e0, 0x000002034aac19f8]
Event: 11.136 Thread 0x000002035c467000 4910       3       org.jetbrains.kotlin.descriptors.impl.ClassConstructorDescriptorImpl::getContainingDeclaration (5 bytes)
Event: 11.136 Thread 0x000002035c467000 nmethod 4910 0x000002034aac1010 code [0x000002034aac11a0, 0x000002034aac1640]
Event: 11.139 Thread 0x000002035c467000 4911       3       org.jetbrains.kotlin.types.checker.NewKotlinTypeCheckerImpl::transformToNewType (775 bytes)
Event: 11.150 Thread 0x000002035c467000 nmethod 4911 0x000002034aad1790 code [0x000002034aad2220, 0x000002034aad96e0]
Event: 11.151 Thread 0x000002035c467000 4912       1       org.jetbrains.kotlin.resolve.lazy.descriptors.LazyAnnotationDescriptor::getC (5 bytes)
Event: 11.151 Thread 0x000002035c467000 nmethod 4912 0x000002034aac0d50 code [0x000002034aac0ea0, 0x000002034aac0fb8]
Event: 11.152 Thread 0x000002035c467000 4913       3       org.jetbrains.kotlin.types.typeUtil.TypeUtilsKt::isTypeAliasParameter (34 bytes)

GC Heap History (10 events):
Event: 3.034 GC heap before
{Heap before GC invocations=7 (full 1):
 PSYoungGen      total 82432K, used 2672K [0x00000000eb200000, 0x00000000f1300000, 0x0000000100000000)
  eden space 65536K, 0% used [0x00000000eb200000,0x00000000eb200000,0x00000000ef200000)
  from space 16896K, 15% used [0x00000000f0280000,0x00000000f051c030,0x00000000f1300000)
  to   space 16896K, 0% used [0x00000000ef200000,0x00000000ef200000,0x00000000f0280000)
 ParOldGen       total 44032K, used 27917K [0x00000000c1600000, 0x00000000c4100000, 0x00000000eb200000)
  object space 44032K, 63% used [0x00000000c1600000,0x00000000c31434c0,0x00000000c4100000)
 Metaspace       used 20647K, capacity 21070K, committed 21248K, reserved 1069056K
  class space    used 2426K, capacity 2552K, committed 2560K, reserved 1048576K
Event: 3.249 GC heap after
Heap after GC invocations=7 (full 1):
 PSYoungGen      total 82432K, used 0K [0x00000000eb200000, 0x00000000f1300000, 0x0000000100000000)
  eden space 65536K, 0% used [0x00000000eb200000,0x00000000eb200000,0x00000000ef200000)
  from space 16896K, 0% used [0x00000000f0280000,0x00000000f0280000,0x00000000f1300000)
  to   space 16896K, 0% used [0x00000000ef200000,0x00000000ef200000,0x00000000f0280000)
 ParOldGen       total 59392K, used 25079K [0x00000000c1600000, 0x00000000c5000000, 0x00000000eb200000)
  object space 59392K, 42% used [0x00000000c1600000,0x00000000c2e7dd30,0x00000000c5000000)
 Metaspace       used 20647K, capacity 21070K, committed 21248K, reserved 1069056K
  class space    used 2426K, capacity 2552K, committed 2560K, reserved 1048576K
}
Event: 5.698 GC heap before
{Heap before GC invocations=8 (full 1):
 PSYoungGen      total 82432K, used 65536K [0x00000000eb200000, 0x00000000f1300000, 0x0000000100000000)
  eden space 65536K, 100% used [0x00000000eb200000,0x00000000ef200000,0x00000000ef200000)
  from space 16896K, 0% used [0x00000000f0280000,0x00000000f0280000,0x00000000f1300000)
  to   space 16896K, 0% used [0x00000000ef200000,0x00000000ef200000,0x00000000f0280000)
 ParOldGen       total 59392K, used 25079K [0x00000000c1600000, 0x00000000c5000000, 0x00000000eb200000)
  object space 59392K, 42% used [0x00000000c1600000,0x00000000c2e7dd30,0x00000000c5000000)
 Metaspace       used 29133K, capacity 29676K, committed 30080K, reserved 1075200K
  class space    used 3708K, capacity 3894K, committed 3968K, reserved 1048576K
Event: 5.734 GC heap after
Heap after GC invocations=8 (full 1):
 PSYoungGen      total 82432K, used 14427K [0x00000000eb200000, 0x00000000f4500000, 0x0000000100000000)
  eden space 65536K, 0% used [0x00000000eb200000,0x00000000eb200000,0x00000000ef200000)
  from space 16896K, 85% used [0x00000000ef200000,0x00000000f0016e38,0x00000000f0280000)
  to   space 19456K, 0% used [0x00000000f3200000,0x00000000f3200000,0x00000000f4500000)
 ParOldGen       total 59392K, used 25087K [0x00000000c1600000, 0x00000000c5000000, 0x00000000eb200000)
  object space 59392K, 42% used [0x00000000c1600000,0x00000000c2e7fd30,0x00000000c5000000)
 Metaspace       used 29133K, capacity 29676K, committed 30080K, reserved 1075200K
  class space    used 3708K, capacity 3894K, committed 3968K, reserved 1048576K
}
Event: 6.629 GC heap before
{Heap before GC invocations=9 (full 1):
 PSYoungGen      total 82432K, used 49576K [0x00000000eb200000, 0x00000000f4500000, 0x0000000100000000)
  eden space 65536K, 53% used [0x00000000eb200000,0x00000000ed453328,0x00000000ef200000)
  from space 16896K, 85% used [0x00000000ef200000,0x00000000f0016e38,0x00000000f0280000)
  to   space 19456K, 0% used [0x00000000f3200000,0x00000000f3200000,0x00000000f4500000)
 ParOldGen       total 59392K, used 25087K [0x00000000c1600000, 0x00000000c5000000, 0x00000000eb200000)
  object space 59392K, 42% used [0x00000000c1600000,0x00000000c2e7fd30,0x00000000c5000000)
 Metaspace       used 34556K, capacity 35084K, committed 35416K, reserved 1081344K
  class space    used 4381K, capacity 4540K, committed 4608K, reserved 1048576K
Event: 6.669 GC heap after
Heap after GC invocations=9 (full 1):
 PSYoungGen      total 128000K, used 15944K [0x00000000eb200000, 0x00000000f4600000, 0x0000000100000000)
  eden space 108544K, 0% used [0x00000000eb200000,0x00000000eb200000,0x00000000f1c00000)
  from space 19456K, 81% used [0x00000000f3200000,0x00000000f41920b0,0x00000000f4500000)
  to   space 21504K, 0% used [0x00000000f1c00000,0x00000000f1c00000,0x00000000f3100000)
 ParOldGen       total 59392K, used 25095K [0x00000000c1600000, 0x00000000c5000000, 0x00000000eb200000)
  object space 59392K, 42% used [0x00000000c1600000,0x00000000c2e81d30,0x00000000c5000000)
 Metaspace       used 34556K, capacity 35084K, committed 35416K, reserved 1081344K
  class space    used 4381K, capacity 4540K, committed 4608K, reserved 1048576K
}
Event: 6.669 GC heap before
{Heap before GC invocations=10 (full 2):
 PSYoungGen      total 128000K, used 15944K [0x00000000eb200000, 0x00000000f4600000, 0x0000000100000000)
  eden space 108544K, 0% used [0x00000000eb200000,0x00000000eb200000,0x00000000f1c00000)
  from space 19456K, 81% used [0x00000000f3200000,0x00000000f41920b0,0x00000000f4500000)
  to   space 21504K, 0% used [0x00000000f1c00000,0x00000000f1c00000,0x00000000f3100000)
 ParOldGen       total 59392K, used 25095K [0x00000000c1600000, 0x00000000c5000000, 0x00000000eb200000)
  object space 59392K, 42% used [0x00000000c1600000,0x00000000c2e81d30,0x00000000c5000000)
 Metaspace       used 34556K, capacity 35084K, committed 35416K, reserved 1081344K
  class space    used 4381K, capacity 4540K, committed 4608K, reserved 1048576K
Event: 6.826 GC heap after
Heap after GC invocations=10 (full 2):
 PSYoungGen      total 128000K, used 0K [0x00000000eb200000, 0x00000000f4600000, 0x0000000100000000)
  eden space 108544K, 0% used [0x00000000eb200000,0x00000000eb200000,0x00000000f1c00000)
  from space 19456K, 0% used [0x00000000f3200000,0x00000000f3200000,0x00000000f4500000)
  to   space 21504K, 0% used [0x00000000f1c00000,0x00000000f1c00000,0x00000000f3100000)
 ParOldGen       total 75264K, used 34706K [0x00000000c1600000, 0x00000000c5f80000, 0x00000000eb200000)
  object space 75264K, 46% used [0x00000000c1600000,0x00000000c37e48b0,0x00000000c5f80000)
 Metaspace       used 34556K, capacity 35084K, committed 35416K, reserved 1081344K
  class space    used 4381K, capacity 4540K, committed 4608K, reserved 1048576K
}
Event: 10.924 GC heap before
{Heap before GC invocations=11 (full 2):
 PSYoungGen      total 128000K, used 108544K [0x00000000eb200000, 0x00000000f4600000, 0x0000000100000000)
  eden space 108544K, 100% used [0x00000000eb200000,0x00000000f1c00000,0x00000000f1c00000)
  from space 19456K, 0% used [0x00000000f3200000,0x00000000f3200000,0x00000000f4500000)
  to   space 21504K, 0% used [0x00000000f1c00000,0x00000000f1c00000,0x00000000f3100000)
 ParOldGen       total 75264K, used 34706K [0x00000000c1600000, 0x00000000c5f80000, 0x00000000eb200000)
  object space 75264K, 46% used [0x00000000c1600000,0x00000000c37e48b0,0x00000000c5f80000)
 Metaspace       used 46211K, capacity 47010K, committed 47488K, reserved 1091584K
  class space    used 5690K, capacity 5909K, committed 6016K, reserved 1048576K
Event: 11.013 GC heap after
Heap after GC invocations=11 (full 2):
 PSYoungGen      total 130048K, used 21474K [0x00000000eb200000, 0x00000000f4600000, 0x0000000100000000)
  eden space 108544K, 0% used [0x00000000eb200000,0x00000000eb200000,0x00000000f1c00000)
  from space 21504K, 99% used [0x00000000f1c00000,0x00000000f30f8ad0,0x00000000f3100000)
  to   space 19456K, 0% used [0x00000000f3200000,0x00000000f3200000,0x00000000f4500000)
 ParOldGen       total 75264K, used 35622K [0x00000000c1600000, 0x00000000c5f80000, 0x00000000eb200000)
  object space 75264K, 47% used [0x00000000c1600000,0x00000000c38c9a80,0x00000000c5f80000)
 Metaspace       used 46211K, capacity 47010K, committed 47488K, reserved 1091584K
  class space    used 5690K, capacity 5909K, committed 6016K, reserved 1048576K
}

Deoptimization events (10 events):
Event: 10.419 Thread 0x0000020348335000 Uncommon trap: reason=bimorphic action=maybe_recompile pc=0x000002034a8d0e28 method=java.util.regex.Pattern$Start.match(Ljava/util/regex/Matcher;ILjava/lang/CharSequence;)Z @ 44
Event: 10.453 Thread 0x0000020348335000 Uncommon trap: reason=bimorphic action=maybe_recompile pc=0x000002034a2d89c0 method=gnu.trove.TObjectHash.index(Ljava/lang/Object;)I @ 22
Event: 10.677 Thread 0x0000020348335000 Uncommon trap: reason=unstable_if action=reinterpret pc=0x000002034a7674d4 method=org.jetbrains.kotlin.metadata.ProtoBuf$Type.getSerializedSize()I @ 176
Event: 10.851 Thread 0x0000020348335000 Uncommon trap: reason=class_check action=maybe_recompile pc=0x000002034a820050 method=org.jetbrains.kotlin.serialization.deserialization.descriptors.DeserializedPackageMemberScope.hasClass(Lorg/jetbrains/kotlin/name/Name;)Z @ 28
Event: 10.852 Thread 0x0000020348335000 Uncommon trap: reason=class_check action=maybe_recompile pc=0x000002034a820050 method=org.jetbrains.kotlin.serialization.deserialization.descriptors.DeserializedPackageMemberScope.hasClass(Lorg/jetbrains/kotlin/name/Name;)Z @ 28
Event: 10.852 Thread 0x0000020348335000 Uncommon trap: reason=class_check action=maybe_recompile pc=0x000002034a820050 method=org.jetbrains.kotlin.serialization.deserialization.descriptors.DeserializedPackageMemberScope.hasClass(Lorg/jetbrains/kotlin/name/Name;)Z @ 28
Event: 10.852 Thread 0x0000020348335000 Uncommon trap: reason=class_check action=maybe_recompile pc=0x000002034a820050 method=org.jetbrains.kotlin.serialization.deserialization.descriptors.DeserializedPackageMemberScope.hasClass(Lorg/jetbrains/kotlin/name/Name;)Z @ 28
Event: 10.852 Thread 0x0000020348335000 Uncommon trap: reason=class_check action=maybe_recompile pc=0x000002034a7fc4c4 method=org.jetbrains.kotlin.serialization.deserialization.descriptors.DeserializedPackageMemberScope.hasClass(Lorg/jetbrains/kotlin/name/Name;)Z @ 28
Event: 10.915 Thread 0x0000020348335000 Uncommon trap: reason=unstable_if action=reinterpret pc=0x000002034a46943c method=org.jetbrains.kotlin.com.intellij.psi.tree.TokenSet.contains(Lorg/jetbrains/kotlin/com/intellij/psi/tree/IElementType;)Z @ 1
Event: 10.921 Thread 0x0000020348335000 Uncommon trap: reason=unstable_if action=reinterpret pc=0x0000020349fb1488 method=kotlin.jvm.internal.Intrinsics.areEqual(Ljava/lang/Object;Ljava/lang/Object;)Z @ 5

Classes redefined (0 events):
No events

Internal exceptions (10 events):
Event: 9.530 Thread 0x0000020348335000 Exception <a 'java/lang/NoSuchMethodError': java.lang.Object.lambda$static$57()Lorg/jetbrains/kotlin/com/intellij/lang/ASTNode;> (0x00000000ef9128e0) thrown at [C:\jenkins\workspace\8-2-build-windows-amd64-cygwin\jdk8u271\605\hotspot\src\share\vm\interpre
Event: 9.535 Thread 0x0000020348335000 Exception <a 'java/lang/NoSuchMethodError': java.lang.Object.lambda$static$0(I)[Lorg/jetbrains/kotlin/com/intellij/psi/PsiClass;> (0x00000000ef923b48) thrown at [C:\jenkins\workspace\8-2-build-windows-amd64-cygwin\jdk8u271\605\hotspot\src\share\vm\interpr
Event: 9.538 Thread 0x0000020348335000 Exception <a 'java/lang/NoSuchMethodError': java.lang.Object.lambda$static$0()Lorg/jetbrains/kotlin/com/intellij/lang/ASTNode;> (0x00000000ef93c0e0) thrown at [C:\jenkins\workspace\8-2-build-windows-amd64-cygwin\jdk8u271\605\hotspot\src\share\vm\interpret
Event: 9.539 Thread 0x0000020348335000 Exception <a 'java/lang/NoSuchMethodError': java.lang.Object.lambda$static$1()Lorg/jetbrains/kotlin/com/intellij/lang/ASTNode;> (0x00000000ef93f5d8) thrown at [C:\jenkins\workspace\8-2-build-windows-amd64-cygwin\jdk8u271\605\hotspot\src\share\vm\interpret
Event: 9.539 Thread 0x0000020348335000 Exception <a 'java/lang/NoSuchMethodError': java.lang.Object.lambda$static$2()Lorg/jetbrains/kotlin/com/intellij/lang/ASTNode;> (0x00000000ef9429c8) thrown at [C:\jenkins\workspace\8-2-build-windows-amd64-cygwin\jdk8u271\605\hotspot\src\share\vm\interpret
Event: 9.540 Thread 0x0000020348335000 Exception <a 'java/lang/NoSuchMethodError': java.lang.Object.lambda$static$3()Lorg/jetbrains/kotlin/com/intellij/lang/ASTNode;> (0x00000000ef946050) thrown at [C:\jenkins\workspace\8-2-build-windows-amd64-cygwin\jdk8u271\605\hotspot\src\share\vm\interpret
Event: 9.625 Thread 0x0000020348335000 Exception <a 'java/lang/NoSuchMethodError': java.lang.Object.lambda$static$0(I)[Lorg/jetbrains/kotlin/com/intellij/psi/PsiReference;> (0x00000000efac8cc0) thrown at [C:\jenkins\workspace\8-2-build-windows-amd64-cygwin\jdk8u271\605\hotspot\src\share\vm\int
Event: 9.660 Thread 0x0000020348335000 Exception <a 'java/lang/NoSuchMethodError': java.lang.Object.lambda$static$0(I)[Lorg/jetbrains/kotlin/com/intellij/psi/PsiTypeElement;> (0x00000000efb7f7d0) thrown at [C:\jenkins\workspace\8-2-build-windows-amd64-cygwin\jdk8u271\605\hotspot\src\share\vm\i
Event: 9.699 Thread 0x0000020348335000 Exception <a 'java/lang/NoSuchMethodError': java.lang.Object.lambda$static$0(I)[Lorg/jetbrains/kotlin/com/intellij/psi/PsiTypeParameter;> (0x00000000efc5f810) thrown at [C:\jenkins\workspace\8-2-build-windows-amd64-cygwin\jdk8u271\605\hotspot\src\share\vm
Event: 10.915 Thread 0x0000020348335000 Implicit null exception at 0x000002034a46934c to 0x000002034a469429

Events (10 events):
Event: 11.037 loading class org/jetbrains/kotlin/utils/DFS$1
Event: 11.037 loading class org/jetbrains/kotlin/utils/DFS$1 done
Event: 11.039 loading class org/jetbrains/kotlin/resolve/calls/model/ManyCandidatesCallDiagnostic
Event: 11.039 loading class org/jetbrains/kotlin/resolve/calls/model/ManyCandidatesCallDiagnostic done
Event: 11.042 loading class org/jetbrains/kotlin/resolve/calls/model/DefaultValueArgument
Event: 11.042 loading class org/jetbrains/kotlin/resolve/calls/model/DefaultValueArgument done
Event: 11.045 loading class org/jetbrains/kotlin/resolve/calls/tower/ResolvedUsingDeprecatedVisibility
Event: 11.045 loading class org/jetbrains/kotlin/resolve/calls/tower/ResolvedUsingDeprecatedVisibility done
Event: 11.046 loading class org/jetbrains/kotlin/resolve/calls/tower/ResolutionDiagnostic
Event: 11.046 loading class org/jetbrains/kotlin/resolve/calls/tower/ResolutionDiagnostic done


Dynamic libraries:
0x00007ff6839b0000 - 0x00007ff6839f7000 	C:\Program Files\Java\jdk1.8.0_271\jre\bin\java.exe
0x00007fff085b0000 - 0x00007fff087a5000 	C:\WINDOWS\SYSTEM32\ntdll.dll
0x00007fff066d0000 - 0x00007fff0678d000 	C:\WINDOWS\System32\KERNEL32.DLL
0x00007fff06250000 - 0x00007fff06518000 	C:\WINDOWS\System32\KERNELBASE.dll
0x00007fff07390000 - 0x00007fff0743c000 	C:\WINDOWS\System32\ADVAPI32.dll
0x00007fff06980000 - 0x00007fff06a1e000 	C:\WINDOWS\System32\msvcrt.dll
0x00007fff06630000 - 0x00007fff066cb000 	C:\WINDOWS\System32\sechost.dll
0x00007fff067e0000 - 0x00007fff0690b000 	C:\WINDOWS\System32\RPCRT4.dll
0x00007fff070d0000 - 0x00007fff07270000 	C:\WINDOWS\System32\USER32.dll
0x00007fff06220000 - 0x00007fff06242000 	C:\WINDOWS\System32\win32u.dll
0x00007fff067b0000 - 0x00007fff067da000 	C:\WINDOWS\System32\GDI32.dll
0x00007fff05ef0000 - 0x00007fff05ffb000 	C:\WINDOWS\System32\gdi32full.dll
0x00007fff05e50000 - 0x00007fff05eed000 	C:\WINDOWS\System32\msvcp_win.dll
0x00007fff06000000 - 0x00007fff06100000 	C:\WINDOWS\System32\ucrtbase.dll
0x00007ffef5920000 - 0x00007ffef5bba000 	C:\WINDOWS\WinSxS\amd64_microsoft.windows.common-controls_6595b64144ccf1df_6.0.19041.1052_none_60b8f8fd71f5e8cb\COMCTL32.dll
0x00007fff070a0000 - 0x00007fff070d0000 	C:\WINDOWS\System32\IMM32.DLL
0x00007ffefb7a0000 - 0x00007ffefb7b5000 	C:\Program Files\Java\jdk1.8.0_271\jre\bin\vcruntime140.dll
0x00007ffef4e10000 - 0x00007ffef4eab000 	C:\Program Files\Java\jdk1.8.0_271\jre\bin\msvcp140.dll
0x00000000526c0000 - 0x0000000052f2f000 	C:\Program Files\Java\jdk1.8.0_271\jre\bin\server\jvm.dll
0x00007fff06620000 - 0x00007fff06628000 	C:\WINDOWS\System32\PSAPI.DLL
0x00007ffefb6e0000 - 0x00007ffefb6ea000 	C:\WINDOWS\SYSTEM32\VERSION.dll
0x00007ffef6130000 - 0x00007ffef6157000 	C:\WINDOWS\SYSTEM32\WINMM.dll
0x00007fff00bc0000 - 0x00007fff00bc9000 	C:\WINDOWS\SYSTEM32\WSOCK32.dll
0x00007fff06910000 - 0x00007fff0697b000 	C:\WINDOWS\System32\WS2_32.dll
0x00007fff03c90000 - 0x00007fff03ca2000 	C:\WINDOWS\SYSTEM32\kernel.appcore.dll
0x00007fff00f60000 - 0x00007fff00f70000 	C:\Program Files\Java\jdk1.8.0_271\jre\bin\verify.dll
0x00007ffefa9c0000 - 0x00007ffefa9eb000 	C:\Program Files\Java\jdk1.8.0_271\jre\bin\java.dll
0x00007ffefa940000 - 0x00007ffefa958000 	C:\Program Files\Java\jdk1.8.0_271\jre\bin\zip.dll
0x00007fff077a0000 - 0x00007fff07edf000 	C:\WINDOWS\System32\SHELL32.dll
0x00007fff03e40000 - 0x00007fff045d0000 	C:\WINDOWS\SYSTEM32\windows.storage.dll
0x00007fff07440000 - 0x00007fff07795000 	C:\WINDOWS\System32\combase.dll
0x00007fff05760000 - 0x00007fff0578c000 	C:\WINDOWS\SYSTEM32\Wldp.dll
0x00007fff08400000 - 0x00007fff084ae000 	C:\WINDOWS\System32\SHCORE.dll
0x00007fff084b0000 - 0x00007fff08505000 	C:\WINDOWS\System32\shlwapi.dll
0x00007fff05c30000 - 0x00007fff05c4f000 	C:\WINDOWS\SYSTEM32\profapi.dll
0x00007ffefa920000 - 0x00007ffefa93c000 	C:\Program Files\Java\jdk1.8.0_271\jre\bin\net.dll
0x00007fff054d0000 - 0x00007fff0553a000 	C:\WINDOWS\system32\mswsock.dll
0x00007ffefa900000 - 0x00007ffefa913000 	C:\Program Files\Java\jdk1.8.0_271\jre\bin\nio.dll
0x00007fff036b0000 - 0x00007fff03894000 	C:\WINDOWS\SYSTEM32\dbghelp.dll
0x00007fff06100000 - 0x00007fff06183000 	C:\WINDOWS\System32\bcryptPrimitives.dll

VM Arguments:
java_command: org.jetbrains.kotlin.cli.jvm.K2JVMCompiler @E:\~Developments\#Android Kotlin\#Dicoding Jetpack Pro\UpcomingMovies2021\app\build\20210627_2028647548551702625.compiler.options
java_class_path (initial): C:\Users\ASUS\.gradle\caches\modules-2\files-2.1\org.jetbrains.kotlin\kotlin-compiler-embeddable\1.5.10\9c35134a025cab7a1e6eee0d87d241c2f30c1218\kotlin-compiler-embeddable-1.5.10.jar;C:\Users\ASUS\.gradle\caches\modules-2\files-2.1\org.jetbrains.kotlin\kotlin-reflect\1.5.10\d6c70f3c0df2457ea0095c61c1fc1188017dc3bc\kotlin-reflect-1.5.10.jar;C:\Users\ASUS\.gradle\caches\modules-2\files-2.1\org.jetbrains.kotlin\kotlin-stdlib\1.5.10\da6a904b132f0402fa4d79169a3c1770598d4702\kotlin-stdlib-1.5.10.jar;C:\Users\ASUS\.gradle\caches\modules-2\files-2.1\org.jetbrains.kotlin\kotlin-script-runtime\1.5.10\69bad0ece91b0797055aeadbd44dc742c458398b\kotlin-script-runtime-1.5.10.jar;C:\Users\ASUS\.gradle\caches\modules-2\files-2.1\org.jetbrains.kotlin\kotlin-daemon-embeddable\1.5.10\d06ad33b62b041dae0609f830c3b48135d53b8bc\kotlin-daemon-embeddable-1.5.10.jar;C:\Users\ASUS\.gradle\caches\modules-2\files-2.1\org.jetbrains.intellij.deps\trove4j\1.0.20181211\216c2e14b070f334479d800987affe4054cd563f\trove4j-1.0.20181211.jar;C:\Users\ASUS\.gradle\caches\modules-2\files-2.1\org.jetbrains\annotations\13.0\919f0dfe192fb4e063e7dacadee7f8bb9a2672a9\annotations-13.0.jar;C:\Users\ASUS\.gradle\caches\modules-2\files-2.1\org.jetbrains.kotlin\kotlin-stdlib-common\1.5.10\6b84d926e28493be69daf673e40076f89492ef7\kotlin-stdlib-common-1.5.10.jar;C:\Program Files\Java\jdk1.8.0_271\lib\tools.jar
Launcher Type: SUN_STANDARD

Environment Variables:
CLASSPATH=E:\~Developments\#Android Kotlin\#Dicoding Jetpack Pro\UpcomingMovies2021\\gradle\wrapper\gradle-wrapper.jar
PATH=C:\Program Files\Zulu\zulu-8\bin;C:\Program Files (x86)\Common Files\Intel\Shared Files\cpp\bin\Intel64;C:\WINDOWS\system32;C:\WINDOWS;C:\WINDOWS\System32\Wbem;C:\WINDOWS\System32\WindowsPowerShell\v1.0\;C:\WINDOWS\System32\OpenSSH\;C:\adb;C:\Program Files\dotnet\;C:\Program Files\Git\cmd;C:\Program Files (x86)\NVIDIA Corporation\PhysX\Common;C:\Program Files\Java\jdk-12.0.2\bin;C:\ProgramData\chocolatey\bin;C:\Program Files\nodejs\;C:\Program Files\Dart\dart-sdk\bin;C:\Program Files\NVIDIA Corporation\NVIDIA NvDLISR;C:\gradle-6.8.2\bin;C:\WINDOWS\system32;C:\WINDOWS;C:\WINDOWS\System32\Wbem;C:\WINDOWS\System32\WindowsPowerShell\v1.0\;C:\WINDOWS\System32\OpenSSH\;C:\Users\ASUS\AppData\Local\Programs\Python\Python39\;C:\Users\ASUS\AppData\Local\Programs\Python\Python39\Scripts\;C:\Users\ASUS\AppData\Local\Microsoft\WindowsApps;C:\Program Files\heroku\bin;C:\Users\ASUS\AppData\Local\Programs\Microsoft VS Code\bin;C:\Users\ASUS\AppData\Local\Android\Sdk\platform-tools;C:\Users\ASUS\AppData\Roaming\npm;C:\Program Files\Java\jdk1.8.0_271\bin;C:\Program Files\Java\jre1.8.0_271\bin;C:\tools\dart-sdk\bin;C:\Users\ASUS\AppData\Roaming\Pub\Cache\bin;C:\Users\ASUS\AppData\Local\GitHubDesktop\bin;C:\Program Files\MySQL\MySQL Server 5.7\bin;C:\Program Files\JetBrains\PyCharm Community Edition 2021.1.1\bin;;
USERNAME=ASUS
OS=Windows_NT
PROCESSOR_IDENTIFIER=Intel64 Family 6 Model 69 Stepping 1, GenuineIntel



---------------  S Y S T E M  ---------------

OS: Windows 10.0 , 64 bit Build 19041 (10.0.19041.1023)

CPU:total 4 (initial active 4) (2 cores per cpu, 2 threads per core) family 6 model 69 stepping 1, cmov, cx8, fxsr, mmx, sse, sse2, sse3, ssse3, sse4.1, sse4.2, popcnt, avx, avx2, aes, clmul, erms, lzcnt, ht, tsc, tscinvbit, bmi1, bmi2

Memory: 4k page, physical 4096140k(307824k free), swap 12484748k(5124k free)

vm_info: Java HotSpot(TM) 64-Bit Server VM (25.271-b09) for windows-amd64 JRE (1.8.0_271-b09), built on Sep 16 2020 19:14:59 by "" with MS VC++ 15.9 (VS2017)

time: Sun Jun 27 20:13:09 2021
timezone: SE Asia Standard Time
elapsed time: 11.208216 seconds (0d 0h 0m 11s)

