#
# There is insufficient memory for the Java Runtime Environment to continue.
# Native memory allocation (malloc) failed to allocate 1085776 bytes for Chunk::new
# Possible reasons:
#   The system is out of physical RAM or swap space
#   The process is running with CompressedOops enabled, and the Java Heap may be blocking the growth of the native heap
# Possible solutions:
#   Reduce memory load on the system
#   Increase physical memory or swap space
#   Check if swap backing store is full
#   Decrease Java heap size (-Xmx/-Xms)
#   Decrease number of Java threads
#   Decrease Java thread stack sizes (-Xss)
#   Set larger code cache with -XX:ReservedCodeCacheSize=
#   JVM is running with Unscaled Compressed Oops mode in which the Java heap is
#     placed in the first 4GB address space. The Java Heap base address is the
#     maximum limit for the native heap growth. Please use -XX:HeapBaseMinAddress
#     to set the Java Heap base and to place the Java Heap above 4GB virtual address.
# This output file may be truncated or incomplete.
#
#  Out of Memory Error (./src/hotspot/share/memory/arena.cpp:197), pid=3760, tid=8572
#
# JRE version: OpenJDK Runtime Environment (11.0.8+10) (build 11.0.8+10-b944.6842174)
# Java VM: OpenJDK 64-Bit Server VM (11.0.8+10-b944.6842174, mixed mode, tiered, compressed oops, g1 gc, windows-amd64)
# No core dump will be written. Minidumps are not enabled by default on client versions of Windows
#

---------------  S U M M A R Y ------------

Command Line: --add-opens=java.base/java.util=ALL-UNNAMED --add-opens=java.base/java.lang=ALL-UNNAMED --add-opens=java.base/java.lang.invoke=ALL-UNNAMED --add-opens=java.prefs/java.util.prefs=ALL-UNNAMED -Xmx2048m -Dfile.encoding=UTF-8 -Duser.country=US -Duser.language=en -Duser.variant org.gradle.launcher.daemon.bootstrap.GradleDaemon 6.7.1

Host: Intel(R) Core(TM) i3-4005U CPU @ 1.70GHz, 4 cores, 3G,  Windows 10 , 64 bit Build 19041 (10.0.19041.1023)
Time: Sat Jun 26 22:28:38 2021 SE Asia Standard Time elapsed time: 9524 seconds (0d 2h 38m 44s)

---------------  T H R E A D  ---------------

Current thread (0x000002a7f6e29000):  JavaThread "C2 CompilerThread0" daemon [_thread_in_native, id=8572, stack(0x000000e3af300000,0x000000e3af400000)]


Current CompileTask:
C2:9524913 32002       4       org.gradle.internal.component.model.ComponentAttributeMatcher::match (259 bytes)

Stack: [0x000000e3af300000,0x000000e3af400000]
Native frames: (J=compiled Java code, j=interpreted, Vv=VM code, C=native code)
V  [jvm.dll+0x5de50a]
V  [jvm.dll+0x7122f5]
V  [jvm.dll+0x71384d]
V  [jvm.dll+0x713f03]
V  [jvm.dll+0x23e728]
V  [jvm.dll+0xb899c]
V  [jvm.dll+0xb8e9c]
V  [jvm.dll+0x35024d]
V  [jvm.dll+0x31dea3]
V  [jvm.dll+0x31d39a]
V  [jvm.dll+0x1f7702]
V  [jvm.dll+0x1f68d4]
V  [jvm.dll+0x17f32c]
V  [jvm.dll+0x205047]
V  [jvm.dll+0x203891]
V  [jvm.dll+0x6dad3f]
V  [jvm.dll+0x6d3895]
V  [jvm.dll+0x5dd4a6]
C  [ucrtbase.dll+0x21bb2]
C  [KERNEL32.DLL+0x17034]
C  [ntdll.dll+0x52651]


---------------  P R O C E S S  ---------------

Threads class SMR info:
_java_thread_list=0x000002a7f9d05090, length=53, elements={
0x000002a7db42b000, 0x000002a7f6dcb000, 0x000002a7f6dcc000, 0x000002a7f6e26000,
0x000002a7f6e27000, 0x000002a7f6e29000, 0x000002a7f6e30800, 0x000002a7f6e4e800,
0x000002a7f78a2800, 0x000002a7f78ad000, 0x000002a7f91ac800, 0x000002a7f8829800,
0x000002a7f972c800, 0x000002a7f8f43800, 0x000002a7f8f40000, 0x000002a7f8f44000,
0x000002a7f8f41000, 0x000002a7fc70a000, 0x000002a7fa30c000, 0x000002a7fd5d2800,
0x000002a7fd5cf800, 0x000002a7fc492800, 0x000002a7fc490800, 0x000002a7fa307000,
0x000002a7fd742800, 0x000002a7fd746000, 0x000002a7fd744000, 0x000002a7fd740000,
0x000002a7fd745000, 0x000002a7fd741000, 0x000002a7fd748800, 0x000002a7fd749000,
0x000002a7fd743800, 0x000002a7fd74a800, 0x000002a7fd74d000, 0x000002a7fd74e000,
0x000002a7fd74c800, 0x000002a7fd74f000, 0x000002a7fd74f800, 0x000002a7fd74a000,
0x000002a7f8799000, 0x000002a7f87a0800, 0x000002a7f879f800, 0x000002a7f87a1000,
0x000002a7f879b800, 0x000002a7f87a7000, 0x000002a7f87a2000, 0x000002a7f87a3000,
0x000002a7f87a4800, 0x000002a7f87a3800, 0x000002a7f87a5800, 0x000002a7f87a6000,
0x000002a7fd747800
}

Java Threads: ( => current thread )
  0x000002a7db42b000 JavaThread "main" [_thread_blocked, id=7192, stack(0x000000e3ae800000,0x000000e3ae900000)]
  0x000002a7f6dcb000 JavaThread "Reference Handler" daemon [_thread_blocked, id=9352, stack(0x000000e3aef00000,0x000000e3af000000)]
  0x000002a7f6dcc000 JavaThread "Finalizer" daemon [_thread_blocked, id=1804, stack(0x000000e3af000000,0x000000e3af100000)]
  0x000002a7f6e26000 JavaThread "Signal Dispatcher" daemon [_thread_blocked, id=1464, stack(0x000000e3af100000,0x000000e3af200000)]
  0x000002a7f6e27000 JavaThread "Attach Listener" daemon [_thread_blocked, id=2640, stack(0x000000e3af200000,0x000000e3af300000)]
=>0x000002a7f6e29000 JavaThread "C2 CompilerThread0" daemon [_thread_in_native, id=8572, stack(0x000000e3af300000,0x000000e3af400000)]
  0x000002a7f6e30800 JavaThread "C1 CompilerThread0" daemon [_thread_blocked, id=7944, stack(0x000000e3af400000,0x000000e3af500000)]
  0x000002a7f6e4e800 JavaThread "Sweeper thread" daemon [_thread_blocked, id=12152, stack(0x000000e3af500000,0x000000e3af600000)]
  0x000002a7f78a2800 JavaThread "Common-Cleaner" daemon [_thread_blocked, id=1364, stack(0x000000e3af600000,0x000000e3af700000)]
  0x000002a7f78ad000 JavaThread "Service Thread" daemon [_thread_blocked, id=9072, stack(0x000000e3af700000,0x000000e3af800000)]
  0x000002a7f91ac800 JavaThread "Daemon health stats" [_thread_blocked, id=3744, stack(0x000000e3afb00000,0x000000e3afc00000)]
  0x000002a7f8829800 JavaThread "Incoming local TCP Connector on port 53465" [_thread_in_native, id=9464, stack(0x000000e3afd00000,0x000000e3afe00000)]
  0x000002a7f972c800 JavaThread "Daemon periodic checks" [_thread_blocked, id=5152, stack(0x000000e3afe00000,0x000000e3aff00000)]
  0x000002a7f8f43800 JavaThread "Cache worker for file hash cache (C:\Users\ASUS\.gradle\caches\6.7.1\fileHashes)" [_thread_blocked, id=5356, stack(0x000000e3b0800000,0x000000e3b0900000)]
  0x000002a7f8f40000 JavaThread "File lock request listener" [_thread_in_native, id=6132, stack(0x000000e3b0900000,0x000000e3b0a00000)]
  0x000002a7f8f44000 JavaThread "Cache worker for journal cache (C:\Users\ASUS\.gradle\caches\journal-1)" [_thread_blocked, id=1944, stack(0x000000e3b0a00000,0x000000e3b0b00000)]
  0x000002a7f8f41000 JavaThread "Cache worker for execution history cache (C:\Users\ASUS\.gradle\caches\6.7.1\executionHistory)" [_thread_blocked, id=12064, stack(0x000000e3b1000000,0x000000e3b1100000)]
  0x000002a7fc70a000 JavaThread "Cache worker for file content cache (C:\Users\ASUS\.gradle\caches\6.7.1\fileContent)" [_thread_blocked, id=5144, stack(0x000000e3b1200000,0x000000e3b1300000)]
  0x000002a7fa30c000 JavaThread "Memory manager" [_thread_blocked, id=8232, stack(0x000000e3b9200000,0x000000e3b9300000)]
  0x000002a7fd5d2800 JavaThread "RMI Scheduler(0)" daemon [_thread_blocked, id=4896, stack(0x000000e3ae700000,0x000000e3ae800000)]
  0x000002a7fd5cf800 JavaThread "RMI GC Daemon" daemon [_thread_blocked, id=2896, stack(0x000000e3b9900000,0x000000e3b9a00000)]
  0x000002a7fc492800 JavaThread "RMI TCP Accept-0" daemon [_thread_in_native, id=2416, stack(0x000000e3b9a00000,0x000000e3b9b00000)]
  0x000002a7fc490800 JavaThread "RMI Reaper" [_thread_blocked, id=10888, stack(0x000000e3b9b00000,0x000000e3b9c00000)]
  0x000002a7fa307000 JavaThread "Cache worker for Java compile cache (C:\Users\ASUS\.gradle\caches\6.7.1\javaCompile)" [_thread_blocked, id=12088, stack(0x000000e3b1100000,0x000000e3b1200000)]
  0x000002a7fd742800 JavaThread "ForkJoinPool.commonPool-worker-7" daemon [_thread_blocked, id=11244, stack(0x000000e3ba400000,0x000000e3ba500000)]
  0x000002a7fd746000 JavaThread "Daemon Thread 13" [_thread_blocked, id=7272, stack(0x000000e3ae500000,0x000000e3ae600000)]
  0x000002a7fd744000 JavaThread "Handler for socket connection from /127.0.0.1:53465 to /127.0.0.1:52762" [_thread_in_native, id=10004, stack(0x000000e3afc00000,0x000000e3afd00000)]
  0x000002a7fd740000 JavaThread "Cancel handler" [_thread_blocked, id=5180, stack(0x000000e3aff00000,0x000000e3b0000000)]
  0x000002a7fd745000 JavaThread "Daemon worker Thread 13" [_thread_blocked, id=4528, stack(0x000000e3b0000000,0x000000e3b0100000)]
  0x000002a7fd741000 JavaThread "Asynchronous log dispatcher for DefaultDaemonConnection: socket connection from /127.0.0.1:53465 to /127.0.0.1:52762" [_thread_blocked, id=4264, stack(0x000000e3b0300000,0x000000e3b0400000)]
  0x000002a7fd748800 JavaThread "Thread-1798" [_thread_blocked, id=7716, stack(0x000000e3b0500000,0x000000e3b0600000)]
  0x000002a7fd749000 JavaThread "Cache worker for file hash cache (E:\~Developments\#Android Kotlin\#Dicoding Jetpack Pro\UpcomingMovies2021\.gradle\6.7.1\fileHashes)" [_thread_blocked, id=10940, stack(0x000000e3b0600000,0x000000e3b0700000)]
  0x000002a7fd743800 JavaThread "Cache worker for checksums cache (E:\~Developments\#Android Kotlin\#Dicoding Jetpack Pro\UpcomingMovies2021\.gradle\checksums)" [_thread_blocked, id=8136, stack(0x000000e3b0700000,0x000000e3b0800000)]
  0x000002a7fd74a800 JavaThread "Cache worker for cache directory md-supplier (C:\Users\ASUS\.gradle\caches\6.7.1\md-supplier)" [_thread_blocked, id=9652, stack(0x000000e3b0b00000,0x000000e3b0c00000)]
  0x000002a7fd74d000 JavaThread "Cache worker for cache directory md-rule (C:\Users\ASUS\.gradle\caches\6.7.1\md-rule)" [_thread_blocked, id=7288, stack(0x000000e3b0c00000,0x000000e3b0d00000)]
  0x000002a7fd74e000 JavaThread "Cache worker for Build Output Cleanup Cache (E:\~Developments\#Android Kotlin\#Dicoding Jetpack Pro\UpcomingMovies2021\.gradle\buildOutputCleanup)" [_thread_blocked, id=5160, stack(0x000000e3b0d00000,0x000000e3b0e00000)]
  0x000002a7fd74c800 JavaThread "Build operations" [_thread_blocked, id=11968, stack(0x000000e3b0e00000,0x000000e3b0f00000)]
  0x000002a7fd74f000 JavaThread "Build operations Thread 2" [_thread_blocked, id=1828, stack(0x000000e3b0f00000,0x000000e3b1000000)]
  0x000002a7fd74f800 JavaThread "Build operations Thread 3" [_thread_blocked, id=2168, stack(0x000000e3b1300000,0x000000e3b1400000)]
  0x000002a7fd74a000 JavaThread "Build operations Thread 4" [_thread_blocked, id=8920, stack(0x000000e3b1400000,0x000000e3b1500000)]
  0x000002a7f8799000 JavaThread "build event listener" [_thread_blocked, id=2952, stack(0x000000e3b9000000,0x000000e3b9100000)]
  0x000002a7f87a0800 JavaThread "build event listener" [_thread_blocked, id=3664, stack(0x000000e3b9100000,0x000000e3b9200000)]
  0x000002a7f879f800 JavaThread "Execution worker for ':'" [_thread_in_Java, id=10116, stack(0x000000e3b9300000,0x000000e3b9400000)]
  0x000002a7f87a1000 JavaThread "Execution worker for ':' Thread 2" [_thread_blocked, id=8132, stack(0x000000e3b9400000,0x000000e3b9500000)]
  0x000002a7f879b800 JavaThread "Execution worker for ':' Thread 3" [_thread_blocked, id=10660, stack(0x000000e3b9500000,0x000000e3b9600000)]
  0x000002a7f87a7000 JavaThread "Cache worker for execution history cache (E:\~Developments\#Android Kotlin\#Dicoding Jetpack Pro\UpcomingMovies2021\.gradle\6.7.1\executionHistory)" [_thread_blocked, id=4196, stack(0x000000e3b9600000,0x000000e3b9700000)]
  0x000002a7f87a2000 JavaThread "RMI TCP Connection(idle)" daemon [_thread_blocked, id=5764, stack(0x000000e3b9700000,0x000000e3b9800000)]
  0x000002a7f87a3000 JavaThread "WorkerExecutor Queue" [_thread_blocked, id=10740, stack(0x000000e3b9800000,0x000000e3b9900000)]
  0x000002a7f87a4800 JavaThread "WorkerExecutor Queue Thread 2" [_thread_blocked, id=5108, stack(0x000000e3b9c00000,0x000000e3b9d00000)]
  0x000002a7f87a3800 JavaThread "WorkerExecutor Queue Thread 3" [_thread_blocked, id=872, stack(0x000000e3b0400000,0x000000e3b0500000)]
  0x000002a7f87a5800 JavaThread "pool-48-thread-1" [_thread_blocked, id=1268, stack(0x000000e3b9d00000,0x000000e3b9e00000)]
  0x000002a7f87a6000 JavaThread "stderr" [_thread_in_native, id=2920, stack(0x000000e3b9e00000,0x000000e3b9f00000)]
  0x000002a7fd747800 JavaThread "stdout" [_thread_in_native, id=8212, stack(0x000000e3b9f00000,0x000000e3ba000000)]

Other Threads:
  0x000002a7f6dc4000 VMThread "VM Thread" [stack: 0x000000e3aee00000,0x000000e3aef00000] [id=8064]
  0x000002a7f78ce800 WatcherThread [stack: 0x000000e3af800000,0x000000e3af900000] [id=4960]
  0x000002a7db444000 GCTaskThread "GC Thread#0" [stack: 0x000000e3ae900000,0x000000e3aea00000] [id=8080]
  0x000002a7f7db0000 GCTaskThread "GC Thread#1" [stack: 0x000000e3af900000,0x000000e3afa00000] [id=8368]
  0x000002a7f8def800 GCTaskThread "GC Thread#2" [stack: 0x000000e3b0100000,0x000000e3b0200000] [id=11280]
  0x000002a7f8b11000 GCTaskThread "GC Thread#3" [stack: 0x000000e3b0200000,0x000000e3b0300000] [id=7656]
  0x000002a7db477000 ConcurrentGCThread "G1 Main Marker" [stack: 0x000000e3aea00000,0x000000e3aeb00000] [id=8968]
  0x000002a7db479000 ConcurrentGCThread "G1 Conc#0" [stack: 0x000000e3aeb00000,0x000000e3aec00000] [id=10744]
  0x000002a7db4d0800 ConcurrentGCThread "G1 Refine#0" [stack: 0x000000e3aec00000,0x000000e3aed00000] [id=2384]
  0x000002a780b61000 ConcurrentGCThread "G1 Refine#1" [stack: 0x000000e3afa00000,0x000000e3afb00000] [id=12208]
  0x000002a780b5e800 ConcurrentGCThread "G1 Refine#2" [stack: 0x000000e3ae600000,0x000000e3ae700000] [id=10704]
  0x000002a7db4d1800 ConcurrentGCThread "G1 Young RemSet Sampling" [stack: 0x000000e3aed00000,0x000000e3aee00000] [id=6344]

Threads with active compile tasks:
C2 CompilerThread09525067 32002       4       org.gradle.internal.component.model.ComponentAttributeMatcher::match (259 bytes)

VM state:not at safepoint (normal execution)

VM Mutex/Monitor currently owned by a thread: None

Heap address: 0x0000000080000000, size: 2048 MB, Compressed Oops mode: 32-bit
Narrow klass base: 0x0000000000000000, Narrow klass shift: 3
Compressed class space size: 1073741824 Address: 0x0000000100000000

Heap:
 garbage-first heap   total 318464K, used 162303K [0x0000000080000000, 0x0000000100000000)
  region size 1024K, 18 young (18432K), 2 survivors (2048K)
 Metaspace       used 148684K, capacity 152918K, committed 153804K, reserved 1183744K
  class space    used 18015K, capacity 19443K, committed 19712K, reserved 1048576K
Heap Regions: E=young(eden), S=young(survivor), O=old, HS=humongous(starts), HC=humongous(continues), CS=collection set, F=free, A=archive, TAMS=top-at-mark-start (previous, next)
|   0|0x0000000080000000, 0x0000000080100000, 0x0000000080100000|100%| O|  |TAMS 0x0000000080100000, 0x0000000080000000| Untracked 
|   1|0x0000000080100000, 0x0000000080200000, 0x0000000080200000|100%| O|  |TAMS 0x0000000080200000, 0x0000000080100000| Untracked 
|   2|0x0000000080200000, 0x0000000080300000, 0x0000000080300000|100%| O|  |TAMS 0x0000000080300000, 0x0000000080200000| Untracked 
|   3|0x0000000080300000, 0x0000000080400000, 0x0000000080400000|100%|HS|  |TAMS 0x0000000080400000, 0x0000000080300000| Complete 
|   4|0x0000000080400000, 0x0000000080500000, 0x0000000080500000|100%|HC|  |TAMS 0x0000000080500000, 0x0000000080400000| Complete 
|   5|0x0000000080500000, 0x0000000080600000, 0x0000000080600000|100%|HC|  |TAMS 0x0000000080600000, 0x0000000080500000| Complete 
|   6|0x0000000080600000, 0x0000000080700000, 0x0000000080700000|100%| O|  |TAMS 0x0000000080700000, 0x0000000080600000| Untracked 
|   7|0x0000000080700000, 0x0000000080800000, 0x0000000080800000|100%| O|  |TAMS 0x0000000080800000, 0x0000000080700000| Untracked 
|   8|0x0000000080800000, 0x0000000080900000, 0x0000000080900000|100%| O|  |TAMS 0x0000000080900000, 0x0000000080800000| Untracked 
|   9|0x0000000080900000, 0x0000000080a00000, 0x0000000080a00000|100%| O|  |TAMS 0x0000000080a00000, 0x0000000080900000| Untracked 
|  10|0x0000000080a00000, 0x0000000080b00000, 0x0000000080b00000|100%| O|  |TAMS 0x0000000080b00000, 0x0000000080a00000| Untracked 
|  11|0x0000000080b00000, 0x0000000080c00000, 0x0000000080c00000|100%| O|  |TAMS 0x0000000080c00000, 0x0000000080b00000| Untracked 
|  12|0x0000000080c00000, 0x0000000080d00000, 0x0000000080d00000|100%| O|  |TAMS 0x0000000080d00000, 0x0000000080c00000| Untracked 
|  13|0x0000000080d00000, 0x0000000080e00000, 0x0000000080e00000|100%| O|  |TAMS 0x0000000080e00000, 0x0000000080d00000| Untracked 
|  14|0x0000000080e00000, 0x0000000080f00000, 0x0000000080f00000|100%| O|  |TAMS 0x0000000080f00000, 0x0000000080e00000| Untracked 
|  15|0x0000000080f00000, 0x0000000081000000, 0x0000000081000000|100%| O|  |TAMS 0x0000000081000000, 0x0000000080f00000| Untracked 
|  16|0x0000000081000000, 0x0000000081100000, 0x0000000081100000|100%| O|  |TAMS 0x0000000081100000, 0x0000000081000000| Untracked 
|  17|0x0000000081100000, 0x0000000081200000, 0x0000000081200000|100%| O|  |TAMS 0x0000000081200000, 0x0000000081100000| Untracked 
|  18|0x0000000081200000, 0x0000000081300000, 0x0000000081300000|100%| O|  |TAMS 0x0000000081300000, 0x0000000081200000| Untracked 
|  19|0x0000000081300000, 0x0000000081400000, 0x0000000081400000|100%| O|  |TAMS 0x0000000081400000, 0x0000000081300000| Untracked 
|  20|0x0000000081400000, 0x0000000081500000, 0x0000000081500000|100%| O|  |TAMS 0x0000000081500000, 0x0000000081400000| Untracked 
|  21|0x0000000081500000, 0x0000000081600000, 0x0000000081600000|100%|HS|  |TAMS 0x0000000081600000, 0x0000000081500000| Complete 
|  22|0x0000000081600000, 0x0000000081700000, 0x0000000081700000|100%| O|  |TAMS 0x0000000081700000, 0x0000000081600000| Untracked 
|  23|0x0000000081700000, 0x0000000081800000, 0x0000000081800000|100%| O|  |TAMS 0x0000000081800000, 0x0000000081700000| Untracked 
|  24|0x0000000081800000, 0x0000000081900000, 0x0000000081900000|100%|HS|  |TAMS 0x0000000081900000, 0x0000000081800000| Complete 
|  25|0x0000000081900000, 0x0000000081a00000, 0x0000000081a00000|100%|HC|  |TAMS 0x0000000081a00000, 0x0000000081900000| Complete 
|  26|0x0000000081a00000, 0x0000000081b00000, 0x0000000081b00000|100%|HC|  |TAMS 0x0000000081b00000, 0x0000000081a00000| Complete 
|  27|0x0000000081b00000, 0x0000000081c00000, 0x0000000081c00000|100%|HS|  |TAMS 0x0000000081c00000, 0x0000000081b00000| Complete 
|  28|0x0000000081c00000, 0x0000000081d00000, 0x0000000081d00000|100%|HC|  |TAMS 0x0000000081d00000, 0x0000000081c00000| Complete 
|  29|0x0000000081d00000, 0x0000000081e00000, 0x0000000081e00000|100%| O|  |TAMS 0x0000000081e00000, 0x0000000081d00000| Untracked 
|  30|0x0000000081e00000, 0x0000000081f00000, 0x0000000081f00000|100%| O|  |TAMS 0x0000000081f00000, 0x0000000081e00000| Untracked 
|  31|0x0000000081f00000, 0x0000000082000000, 0x0000000082000000|100%| O|  |TAMS 0x0000000082000000, 0x0000000081f00000| Untracked 
|  32|0x0000000082000000, 0x0000000082100000, 0x0000000082100000|100%| O|  |TAMS 0x0000000082100000, 0x0000000082000000| Untracked 
|  33|0x0000000082100000, 0x0000000082200000, 0x0000000082200000|100%| O|  |TAMS 0x0000000082200000, 0x0000000082100000| Untracked 
|  34|0x0000000082200000, 0x0000000082300000, 0x0000000082300000|100%| O|  |TAMS 0x0000000082300000, 0x0000000082200000| Untracked 
|  35|0x0000000082300000, 0x0000000082400000, 0x0000000082400000|100%| O|  |TAMS 0x0000000082400000, 0x0000000082300000| Untracked 
|  36|0x0000000082400000, 0x0000000082500000, 0x0000000082500000|100%| O|  |TAMS 0x0000000082500000, 0x0000000082400000| Untracked 
|  37|0x0000000082500000, 0x0000000082600000, 0x0000000082600000|100%| O|  |TAMS 0x0000000082600000, 0x0000000082500000| Untracked 
|  38|0x0000000082600000, 0x0000000082700000, 0x0000000082700000|100%| O|  |TAMS 0x0000000082700000, 0x0000000082600000| Untracked 
|  39|0x0000000082700000, 0x0000000082800000, 0x0000000082800000|100%| O|  |TAMS 0x0000000082800000, 0x0000000082700000| Untracked 
|  40|0x0000000082800000, 0x0000000082900000, 0x0000000082900000|100%| O|  |TAMS 0x0000000082900000, 0x0000000082800000| Untracked 
|  41|0x0000000082900000, 0x0000000082a00000, 0x0000000082a00000|100%| O|  |TAMS 0x0000000082a00000, 0x0000000082900000| Untracked 
|  42|0x0000000082a00000, 0x0000000082b00000, 0x0000000082b00000|100%| O|  |TAMS 0x0000000082b00000, 0x0000000082a00000| Untracked 
|  43|0x0000000082b00000, 0x0000000082c00000, 0x0000000082c00000|100%| O|  |TAMS 0x0000000082c00000, 0x0000000082b00000| Untracked 
|  44|0x0000000082c00000, 0x0000000082d00000, 0x0000000082d00000|100%| O|  |TAMS 0x0000000082d00000, 0x0000000082c00000| Untracked 
|  45|0x0000000082d00000, 0x0000000082e00000, 0x0000000082e00000|100%| O|  |TAMS 0x0000000082e00000, 0x0000000082d00000| Untracked 
|  46|0x0000000082e00000, 0x0000000082f00000, 0x0000000082f00000|100%| O|  |TAMS 0x0000000082f00000, 0x0000000082e00000| Untracked 
|  47|0x0000000082f00000, 0x0000000083000000, 0x0000000083000000|100%| O|  |TAMS 0x0000000083000000, 0x0000000082f00000| Untracked 
|  48|0x0000000083000000, 0x0000000083100000, 0x0000000083100000|100%| O|  |TAMS 0x0000000083100000, 0x0000000083000000| Untracked 
|  49|0x0000000083100000, 0x0000000083200000, 0x0000000083200000|100%| O|  |TAMS 0x0000000083200000, 0x0000000083100000| Untracked 
|  50|0x0000000083200000, 0x0000000083300000, 0x0000000083300000|100%| O|  |TAMS 0x0000000083300000, 0x0000000083200000| Untracked 
|  51|0x0000000083300000, 0x0000000083400000, 0x0000000083400000|100%| O|  |TAMS 0x0000000083400000, 0x0000000083300000| Untracked 
|  52|0x0000000083400000, 0x0000000083500000, 0x0000000083500000|100%| O|  |TAMS 0x0000000083500000, 0x0000000083400000| Untracked 
|  53|0x0000000083500000, 0x0000000083600000, 0x0000000083600000|100%| O|  |TAMS 0x0000000083600000, 0x0000000083500000| Untracked 
|  54|0x0000000083600000, 0x0000000083600000, 0x0000000083700000|  0%| F|  |TAMS 0x0000000083600000, 0x0000000083600000| Untracked 
|  55|0x0000000083700000, 0x0000000083800000, 0x0000000083800000|100%| O|  |TAMS 0x0000000083800000, 0x0000000083700000| Untracked 
|  56|0x0000000083800000, 0x0000000083900000, 0x0000000083900000|100%| O|  |TAMS 0x0000000083900000, 0x0000000083800000| Untracked 
|  57|0x0000000083900000, 0x0000000083a00000, 0x0000000083a00000|100%| O|  |TAMS 0x0000000083a00000, 0x0000000083900000| Untracked 
|  58|0x0000000083a00000, 0x0000000083b00000, 0x0000000083b00000|100%| O|  |TAMS 0x0000000083b00000, 0x0000000083a00000| Untracked 
|  59|0x0000000083b00000, 0x0000000083c00000, 0x0000000083c00000|100%| O|  |TAMS 0x0000000083c00000, 0x0000000083b00000| Untracked 
|  60|0x0000000083c00000, 0x0000000083d00000, 0x0000000083d00000|100%| O|  |TAMS 0x0000000083d00000, 0x0000000083c00000| Untracked 
|  61|0x0000000083d00000, 0x0000000083e00000, 0x0000000083e00000|100%| O|  |TAMS 0x0000000083e00000, 0x0000000083d00000| Untracked 
|  62|0x0000000083e00000, 0x0000000083f00000, 0x0000000083f00000|100%| O|  |TAMS 0x0000000083f00000, 0x0000000083e00000| Untracked 
|  63|0x0000000083f00000, 0x0000000084000000, 0x0000000084000000|100%| O|  |TAMS 0x0000000084000000, 0x0000000083f00000| Untracked 
|  64|0x0000000084000000, 0x0000000084100000, 0x0000000084100000|100%| O|  |TAMS 0x0000000084100000, 0x0000000084000000| Untracked 
|  65|0x0000000084100000, 0x0000000084200000, 0x0000000084200000|100%| O|  |TAMS 0x0000000084200000, 0x0000000084100000| Untracked 
|  66|0x0000000084200000, 0x0000000084300000, 0x0000000084300000|100%| O|  |TAMS 0x0000000084300000, 0x0000000084200000| Untracked 
|  67|0x0000000084300000, 0x0000000084400000, 0x0000000084400000|100%| O|  |TAMS 0x0000000084400000, 0x0000000084300000| Untracked 
|  68|0x0000000084400000, 0x0000000084500000, 0x0000000084500000|100%| O|  |TAMS 0x0000000084500000, 0x0000000084400000| Untracked 
|  69|0x0000000084500000, 0x0000000084600000, 0x0000000084600000|100%| O|  |TAMS 0x0000000084600000, 0x0000000084500000| Untracked 
|  70|0x0000000084600000, 0x0000000084700000, 0x0000000084700000|100%| O|  |TAMS 0x0000000084700000, 0x0000000084600000| Untracked 
|  71|0x0000000084700000, 0x0000000084800000, 0x0000000084800000|100%| O|  |TAMS 0x0000000084800000, 0x0000000084700000| Untracked 
|  72|0x0000000084800000, 0x0000000084900000, 0x0000000084900000|100%| O|  |TAMS 0x0000000084900000, 0x0000000084800000| Untracked 
|  73|0x0000000084900000, 0x0000000084a00000, 0x0000000084a00000|100%| O|  |TAMS 0x0000000084a00000, 0x0000000084900000| Untracked 
|  74|0x0000000084a00000, 0x0000000084b00000, 0x0000000084b00000|100%| O|  |TAMS 0x0000000084b00000, 0x0000000084a00000| Untracked 
|  75|0x0000000084b00000, 0x0000000084c00000, 0x0000000084c00000|100%| O|  |TAMS 0x0000000084c00000, 0x0000000084b00000| Untracked 
|  76|0x0000000084c00000, 0x0000000084d00000, 0x0000000084d00000|100%| O|  |TAMS 0x0000000084d00000, 0x0000000084c00000| Untracked 
|  77|0x0000000084d00000, 0x0000000084e00000, 0x0000000084e00000|100%| O|  |TAMS 0x0000000084e00000, 0x0000000084d00000| Untracked 
|  78|0x0000000084e00000, 0x0000000084f00000, 0x0000000084f00000|100%| O|  |TAMS 0x0000000084f00000, 0x0000000084e00000| Untracked 
|  79|0x0000000084f00000, 0x0000000085000000, 0x0000000085000000|100%| O|  |TAMS 0x0000000085000000, 0x0000000084f00000| Untracked 
|  80|0x0000000085000000, 0x0000000085100000, 0x0000000085100000|100%| O|  |TAMS 0x0000000085100000, 0x0000000085000000| Untracked 
|  81|0x0000000085100000, 0x0000000085200000, 0x0000000085200000|100%| O|  |TAMS 0x0000000085200000, 0x0000000085100000| Untracked 
|  82|0x0000000085200000, 0x0000000085300000, 0x0000000085300000|100%| O|  |TAMS 0x0000000085300000, 0x0000000085200000| Untracked 
|  83|0x0000000085300000, 0x0000000085400000, 0x0000000085400000|100%|HS|  |TAMS 0x0000000085400000, 0x0000000085300000| Complete 
|  84|0x0000000085400000, 0x0000000085500000, 0x0000000085500000|100%|HC|  |TAMS 0x0000000085500000, 0x0000000085400000| Complete 
|  85|0x0000000085500000, 0x0000000085600000, 0x0000000085600000|100%|HC|  |TAMS 0x0000000085600000, 0x0000000085500000| Complete 
|  86|0x0000000085600000, 0x0000000085700000, 0x0000000085700000|100%| O|  |TAMS 0x0000000085700000, 0x0000000085600000| Untracked 
|  87|0x0000000085700000, 0x0000000085800000, 0x0000000085800000|100%| O|  |TAMS 0x0000000085800000, 0x0000000085700000| Untracked 
|  88|0x0000000085800000, 0x0000000085800000, 0x0000000085900000|  0%| F|  |TAMS 0x0000000085800000, 0x0000000085800000| Untracked 
|  89|0x0000000085900000, 0x0000000085a00000, 0x0000000085a00000|100%| O|  |TAMS 0x0000000085a00000, 0x0000000085900000| Untracked 
|  90|0x0000000085a00000, 0x0000000085a00000, 0x0000000085b00000|  0%| F|  |TAMS 0x0000000085a00000, 0x0000000085a00000| Untracked 
|  91|0x0000000085b00000, 0x0000000085c00000, 0x0000000085c00000|100%| O|  |TAMS 0x0000000085c00000, 0x0000000085b00000| Untracked 
|  92|0x0000000085c00000, 0x0000000085d00000, 0x0000000085d00000|100%| O|  |TAMS 0x0000000085d00000, 0x0000000085c00000| Untracked 
|  93|0x0000000085d00000, 0x0000000085e00000, 0x0000000085e00000|100%| O|  |TAMS 0x0000000085e00000, 0x0000000085d00000| Untracked 
|  94|0x0000000085e00000, 0x0000000085f00000, 0x0000000085f00000|100%| O|  |TAMS 0x0000000085f00000, 0x0000000085e00000| Untracked 
|  95|0x0000000085f00000, 0x0000000086000000, 0x0000000086000000|100%| O|  |TAMS 0x0000000086000000, 0x0000000085f00000| Untracked 
|  96|0x0000000086000000, 0x0000000086100000, 0x0000000086100000|100%| O|  |TAMS 0x0000000086100000, 0x0000000086000000| Untracked 
|  97|0x0000000086100000, 0x0000000086200000, 0x0000000086200000|100%| O|  |TAMS 0x0000000086200000, 0x0000000086100000| Untracked 
|  98|0x0000000086200000, 0x0000000086300000, 0x0000000086300000|100%| O|  |TAMS 0x0000000086300000, 0x0000000086200000| Untracked 
|  99|0x0000000086300000, 0x0000000086400000, 0x0000000086400000|100%| O|  |TAMS 0x0000000086400000, 0x0000000086300000| Untracked 
| 100|0x0000000086400000, 0x0000000086400000, 0x0000000086500000|  0%| F|  |TAMS 0x0000000086400000, 0x0000000086400000| Untracked 
| 101|0x0000000086500000, 0x0000000086500000, 0x0000000086600000|  0%| F|  |TAMS 0x0000000086500000, 0x0000000086500000| Untracked 
| 102|0x0000000086600000, 0x0000000086600000, 0x0000000086700000|  0%| F|  |TAMS 0x0000000086600000, 0x0000000086600000| Untracked 
| 103|0x0000000086700000, 0x0000000086700000, 0x0000000086800000|  0%| F|  |TAMS 0x0000000086700000, 0x0000000086700000| Untracked 
| 104|0x0000000086800000, 0x0000000086900000, 0x0000000086900000|100%| O|  |TAMS 0x0000000086900000, 0x0000000086800000| Untracked 
| 105|0x0000000086900000, 0x0000000086a00000, 0x0000000086a00000|100%| O|  |TAMS 0x0000000086a00000, 0x0000000086900000| Untracked 
| 106|0x0000000086a00000, 0x0000000086a00000, 0x0000000086b00000|  0%| F|  |TAMS 0x0000000086a00000, 0x0000000086a00000| Untracked 
| 107|0x0000000086b00000, 0x0000000086b00000, 0x0000000086c00000|  0%| F|  |TAMS 0x0000000086b00000, 0x0000000086b00000| Untracked 
| 108|0x0000000086c00000, 0x0000000086d00000, 0x0000000086d00000|100%| O|  |TAMS 0x0000000086d00000, 0x0000000086c00000| Untracked 
| 109|0x0000000086d00000, 0x0000000086e00000, 0x0000000086e00000|100%| O|  |TAMS 0x0000000086e00000, 0x0000000086d00000| Untracked 
| 110|0x0000000086e00000, 0x0000000086f00000, 0x0000000086f00000|100%| O|  |TAMS 0x0000000086f00000, 0x0000000086e00000| Untracked 
| 111|0x0000000086f00000, 0x0000000087000000, 0x0000000087000000|100%| O|  |TAMS 0x0000000087000000, 0x0000000086f00000| Untracked 
| 112|0x0000000087000000, 0x0000000087100000, 0x0000000087100000|100%| O|  |TAMS 0x0000000087100000, 0x0000000087000000| Untracked 
| 113|0x0000000087100000, 0x0000000087200000, 0x0000000087200000|100%| O|  |TAMS 0x0000000087200000, 0x0000000087100000| Untracked 
| 114|0x0000000087200000, 0x0000000087300000, 0x0000000087300000|100%| O|  |TAMS 0x0000000087300000, 0x0000000087200000| Untracked 
| 115|0x0000000087300000, 0x0000000087400000, 0x0000000087400000|100%| O|  |TAMS 0x0000000087400000, 0x0000000087300000| Untracked 
| 116|0x0000000087400000, 0x0000000087500000, 0x0000000087500000|100%| O|  |TAMS 0x0000000087500000, 0x0000000087400000| Untracked 
| 117|0x0000000087500000, 0x0000000087600000, 0x0000000087600000|100%| O|  |TAMS 0x0000000087600000, 0x0000000087500000| Untracked 
| 118|0x0000000087600000, 0x0000000087700000, 0x0000000087700000|100%| O|  |TAMS 0x0000000087700000, 0x0000000087600000| Untracked 
| 119|0x0000000087700000, 0x0000000087800000, 0x0000000087800000|100%| O|  |TAMS 0x0000000087800000, 0x0000000087700000| Untracked 
| 120|0x0000000087800000, 0x0000000087900000, 0x0000000087900000|100%| O|  |TAMS 0x0000000087900000, 0x0000000087800000| Untracked 
| 121|0x0000000087900000, 0x0000000087a00000, 0x0000000087a00000|100%| O|  |TAMS 0x0000000087a00000, 0x0000000087900000| Untracked 
| 122|0x0000000087a00000, 0x0000000087b00000, 0x0000000087b00000|100%| O|  |TAMS 0x0000000087b00000, 0x0000000087a00000| Untracked 
| 123|0x0000000087b00000, 0x0000000087c00000, 0x0000000087c00000|100%| O|  |TAMS 0x0000000087c00000, 0x0000000087b00000| Untracked 
| 124|0x0000000087c00000, 0x0000000087d00000, 0x0000000087d00000|100%| O|  |TAMS 0x0000000087d00000, 0x0000000087c00000| Untracked 
| 125|0x0000000087d00000, 0x0000000087d27c00, 0x0000000087e00000| 15%| O|  |TAMS 0x0000000087d27c00, 0x0000000087d00000| Untracked 
| 126|0x0000000087e00000, 0x0000000087e00000, 0x0000000087f00000|  0%| F|  |TAMS 0x0000000087e00000, 0x0000000087e00000| Untracked 
| 127|0x0000000087f00000, 0x0000000088000000, 0x0000000088000000|100%| O|  |TAMS 0x0000000088000000, 0x0000000087f00000| Untracked 
| 128|0x0000000088000000, 0x0000000088100000, 0x0000000088100000|100%| O|  |TAMS 0x0000000088100000, 0x0000000088000000| Untracked 
| 129|0x0000000088100000, 0x0000000088200000, 0x0000000088200000|100%| O|  |TAMS 0x0000000088200000, 0x0000000088100000| Untracked 
| 130|0x0000000088200000, 0x0000000088200000, 0x0000000088300000|  0%| F|  |TAMS 0x0000000088200000, 0x0000000088200000| Untracked 
| 131|0x0000000088300000, 0x0000000088400000, 0x0000000088400000|100%| O|  |TAMS 0x0000000088400000, 0x0000000088300000| Untracked 
| 132|0x0000000088400000, 0x0000000088400000, 0x0000000088500000|  0%| F|  |TAMS 0x0000000088400000, 0x0000000088400000| Untracked 
| 133|0x0000000088500000, 0x0000000088600000, 0x0000000088600000|100%| O|  |TAMS 0x0000000088600000, 0x0000000088500000| Untracked 
| 134|0x0000000088600000, 0x0000000088600000, 0x0000000088700000|  0%| F|  |TAMS 0x0000000088600000, 0x0000000088600000| Untracked 
| 135|0x0000000088700000, 0x0000000088800000, 0x0000000088800000|100%| O|  |TAMS 0x0000000088800000, 0x0000000088700000| Untracked 
| 136|0x0000000088800000, 0x0000000088900000, 0x0000000088900000|100%| O|  |TAMS 0x0000000088900000, 0x0000000088800000| Untracked 
| 137|0x0000000088900000, 0x0000000088a00000, 0x0000000088a00000|100%| O|  |TAMS 0x0000000088a00000, 0x0000000088900000| Untracked 
| 138|0x0000000088a00000, 0x0000000088a00000, 0x0000000088b00000|  0%| F|  |TAMS 0x0000000088a00000, 0x0000000088a00000| Untracked 
| 139|0x0000000088b00000, 0x0000000088b00000, 0x0000000088c00000|  0%| F|  |TAMS 0x0000000088b00000, 0x0000000088b00000| Untracked 
| 140|0x0000000088c00000, 0x0000000088d00000, 0x0000000088d00000|100%| O|  |TAMS 0x0000000088d00000, 0x0000000088c00000| Untracked 
| 141|0x0000000088d00000, 0x0000000088d00000, 0x0000000088e00000|  0%| F|  |TAMS 0x0000000088d00000, 0x0000000088d00000| Untracked 
| 142|0x0000000088e00000, 0x0000000088e00000, 0x0000000088f00000|  0%| F|  |TAMS 0x0000000088e00000, 0x0000000088e00000| Untracked 
| 143|0x0000000088f00000, 0x0000000088f00000, 0x0000000089000000|  0%| F|  |TAMS 0x0000000088f00000, 0x0000000088f00000| Untracked 
| 144|0x0000000089000000, 0x0000000089000000, 0x0000000089100000|  0%| F|  |TAMS 0x0000000089000000, 0x0000000089000000| Untracked 
| 145|0x0000000089100000, 0x0000000089200000, 0x0000000089200000|100%| O|  |TAMS 0x0000000089200000, 0x0000000089100000| Untracked 
| 146|0x0000000089200000, 0x0000000089200000, 0x0000000089300000|  0%| F|  |TAMS 0x0000000089200000, 0x0000000089200000| Untracked 
| 147|0x0000000089300000, 0x0000000089300000, 0x0000000089400000|  0%| F|  |TAMS 0x0000000089300000, 0x0000000089300000| Untracked 
| 148|0x0000000089400000, 0x0000000089400000, 0x0000000089500000|  0%| F|  |TAMS 0x0000000089400000, 0x0000000089400000| Untracked 
| 149|0x0000000089500000, 0x0000000089500000, 0x0000000089600000|  0%| F|  |TAMS 0x0000000089500000, 0x0000000089500000| Untracked 
| 150|0x0000000089600000, 0x0000000089600000, 0x0000000089700000|  0%| F|  |TAMS 0x0000000089600000, 0x0000000089600000| Untracked 
| 151|0x0000000089700000, 0x0000000089800000, 0x0000000089800000|100%|HS|  |TAMS 0x0000000089800000, 0x0000000089700000| Complete 
| 152|0x0000000089800000, 0x0000000089900000, 0x0000000089900000|100%|HC|  |TAMS 0x0000000089900000, 0x0000000089800000| Complete 
| 153|0x0000000089900000, 0x0000000089a00000, 0x0000000089a00000|100%|HS|  |TAMS 0x0000000089a00000, 0x0000000089900000| Complete 
| 154|0x0000000089a00000, 0x0000000089b00000, 0x0000000089b00000|100%|HC|  |TAMS 0x0000000089b00000, 0x0000000089a00000| Complete 
| 155|0x0000000089b00000, 0x0000000089c00000, 0x0000000089c00000|100%|HC|  |TAMS 0x0000000089c00000, 0x0000000089b00000| Complete 
| 156|0x0000000089c00000, 0x0000000089c00000, 0x0000000089d00000|  0%| F|  |TAMS 0x0000000089c00000, 0x0000000089c00000| Untracked 
| 157|0x0000000089d00000, 0x0000000089d00000, 0x0000000089e00000|  0%| F|  |TAMS 0x0000000089d00000, 0x0000000089d00000| Untracked 
| 158|0x0000000089e00000, 0x0000000089e00000, 0x0000000089f00000|  0%| F|  |TAMS 0x0000000089e00000, 0x0000000089e00000| Untracked 
| 159|0x0000000089f00000, 0x0000000089f00000, 0x000000008a000000|  0%| F|  |TAMS 0x0000000089f00000, 0x0000000089f00000| Untracked 
| 160|0x000000008a000000, 0x000000008a000000, 0x000000008a100000|  0%| F|  |TAMS 0x000000008a000000, 0x000000008a000000| Untracked 
| 161|0x000000008a100000, 0x000000008a100000, 0x000000008a200000|  0%| F|  |TAMS 0x000000008a100000, 0x000000008a100000| Untracked 
| 162|0x000000008a200000, 0x000000008a200000, 0x000000008a300000|  0%| F|  |TAMS 0x000000008a200000, 0x000000008a200000| Untracked 
| 163|0x000000008a300000, 0x000000008a300000, 0x000000008a400000|  0%| F|  |TAMS 0x000000008a300000, 0x000000008a300000| Untracked 
| 164|0x000000008a400000, 0x000000008a400000, 0x000000008a500000|  0%| F|  |TAMS 0x000000008a400000, 0x000000008a400000| Untracked 
| 165|0x000000008a500000, 0x000000008a500000, 0x000000008a600000|  0%| F|  |TAMS 0x000000008a500000, 0x000000008a500000| Untracked 
| 166|0x000000008a600000, 0x000000008a700000, 0x000000008a700000|100%|HS|  |TAMS 0x000000008a700000, 0x000000008a600000| Complete 
| 167|0x000000008a700000, 0x000000008a800000, 0x000000008a800000|100%|HC|  |TAMS 0x000000008a800000, 0x000000008a700000| Complete 
| 168|0x000000008a800000, 0x000000008a900000, 0x000000008a900000|100%|HC|  |TAMS 0x000000008a900000, 0x000000008a800000| Complete 
| 169|0x000000008a900000, 0x000000008aa00000, 0x000000008aa00000|100%|HC|  |TAMS 0x000000008aa00000, 0x000000008a900000| Complete 
| 170|0x000000008aa00000, 0x000000008ab00000, 0x000000008ab00000|100%|HS|  |TAMS 0x000000008ab00000, 0x000000008aa00000| Complete 
| 171|0x000000008ab00000, 0x000000008ac00000, 0x000000008ac00000|100%|HC|  |TAMS 0x000000008ac00000, 0x000000008ab00000| Complete 
| 172|0x000000008ac00000, 0x000000008ad00000, 0x000000008ad00000|100%|HC|  |TAMS 0x000000008ad00000, 0x000000008ac00000| Complete 
| 173|0x000000008ad00000, 0x000000008ae00000, 0x000000008ae00000|100%|HC|  |TAMS 0x000000008ae00000, 0x000000008ad00000| Complete 
| 174|0x000000008ae00000, 0x000000008af00000, 0x000000008af00000|100%|HS|  |TAMS 0x000000008af00000, 0x000000008ae00000| Complete 
| 175|0x000000008af00000, 0x000000008b000000, 0x000000008b000000|100%|HC|  |TAMS 0x000000008b000000, 0x000000008af00000| Complete 
| 176|0x000000008b000000, 0x000000008b100000, 0x000000008b100000|100%|HC|  |TAMS 0x000000008b100000, 0x000000008b000000| Complete 
| 177|0x000000008b100000, 0x000000008b100000, 0x000000008b200000|  0%| F|  |TAMS 0x000000008b100000, 0x000000008b100000| Untracked 
| 178|0x000000008b200000, 0x000000008b200000, 0x000000008b300000|  0%| F|  |TAMS 0x000000008b200000, 0x000000008b200000| Untracked 
| 179|0x000000008b300000, 0x000000008b300000, 0x000000008b400000|  0%| F|  |TAMS 0x000000008b300000, 0x000000008b300000| Untracked 
| 180|0x000000008b400000, 0x000000008b400000, 0x000000008b500000|  0%| F|  |TAMS 0x000000008b400000, 0x000000008b400000| Untracked 
| 181|0x000000008b500000, 0x000000008b500000, 0x000000008b600000|  0%| F|  |TAMS 0x000000008b500000, 0x000000008b500000| Untracked 
| 182|0x000000008b600000, 0x000000008b600000, 0x000000008b700000|  0%| F|  |TAMS 0x000000008b600000, 0x000000008b600000| Untracked 
| 183|0x000000008b700000, 0x000000008b700000, 0x000000008b800000|  0%| F|  |TAMS 0x000000008b700000, 0x000000008b700000| Untracked 
| 184|0x000000008b800000, 0x000000008b800000, 0x000000008b900000|  0%| F|  |TAMS 0x000000008b800000, 0x000000008b800000| Untracked 
| 185|0x000000008b900000, 0x000000008b900000, 0x000000008ba00000|  0%| F|  |TAMS 0x000000008b900000, 0x000000008b900000| Untracked 
| 186|0x000000008ba00000, 0x000000008ba00000, 0x000000008bb00000|  0%| F|  |TAMS 0x000000008ba00000, 0x000000008ba00000| Untracked 
| 187|0x000000008bb00000, 0x000000008bb00000, 0x000000008bc00000|  0%| F|  |TAMS 0x000000008bb00000, 0x000000008bb00000| Untracked 
| 188|0x000000008bc00000, 0x000000008bc00000, 0x000000008bd00000|  0%| F|  |TAMS 0x000000008bc00000, 0x000000008bc00000| Untracked 
| 189|0x000000008bd00000, 0x000000008bd00000, 0x000000008be00000|  0%| F|  |TAMS 0x000000008bd00000, 0x000000008bd00000| Untracked 
| 190|0x000000008be00000, 0x000000008be582a0, 0x000000008bf00000| 34%| S|CS|TAMS 0x000000008be00000, 0x000000008be00000| Complete 
| 191|0x000000008bf00000, 0x000000008c000000, 0x000000008c000000|100%| S|CS|TAMS 0x000000008bf00000, 0x000000008bf00000| Complete 
| 192|0x000000008c000000, 0x000000008c000000, 0x000000008c100000|  0%| F|  |TAMS 0x000000008c000000, 0x000000008c000000| Untracked 
| 193|0x000000008c100000, 0x000000008c100000, 0x000000008c200000|  0%| F|  |TAMS 0x000000008c100000, 0x000000008c100000| Untracked 
| 194|0x000000008c200000, 0x000000008c200000, 0x000000008c300000|  0%| F|  |TAMS 0x000000008c200000, 0x000000008c200000| Untracked 
| 195|0x000000008c300000, 0x000000008c300000, 0x000000008c400000|  0%| F|  |TAMS 0x000000008c300000, 0x000000008c300000| Untracked 
| 196|0x000000008c400000, 0x000000008c400000, 0x000000008c500000|  0%| F|  |TAMS 0x000000008c400000, 0x000000008c400000| Untracked 
| 197|0x000000008c500000, 0x000000008c500000, 0x000000008c600000|  0%| F|  |TAMS 0x000000008c500000, 0x000000008c500000| Untracked 
| 198|0x000000008c600000, 0x000000008c600000, 0x000000008c700000|  0%| F|  |TAMS 0x000000008c600000, 0x000000008c600000| Untracked 
| 199|0x000000008c700000, 0x000000008c700000, 0x000000008c800000|  0%| F|  |TAMS 0x000000008c700000, 0x000000008c700000| Untracked 
| 200|0x000000008c800000, 0x000000008c800000, 0x000000008c900000|  0%| F|  |TAMS 0x000000008c800000, 0x000000008c800000| Untracked 
| 201|0x000000008c900000, 0x000000008c900000, 0x000000008ca00000|  0%| F|  |TAMS 0x000000008c900000, 0x000000008c900000| Untracked 
| 202|0x000000008ca00000, 0x000000008ca00000, 0x000000008cb00000|  0%| F|  |TAMS 0x000000008ca00000, 0x000000008ca00000| Untracked 
| 203|0x000000008cb00000, 0x000000008cb00000, 0x000000008cc00000|  0%| F|  |TAMS 0x000000008cb00000, 0x000000008cb00000| Untracked 
| 204|0x000000008cc00000, 0x000000008cc00000, 0x000000008cd00000|  0%| F|  |TAMS 0x000000008cc00000, 0x000000008cc00000| Untracked 
| 205|0x000000008cd00000, 0x000000008cd00000, 0x000000008ce00000|  0%| F|  |TAMS 0x000000008cd00000, 0x000000008cd00000| Untracked 
| 206|0x000000008ce00000, 0x000000008ce00000, 0x000000008cf00000|  0%| F|  |TAMS 0x000000008ce00000, 0x000000008ce00000| Untracked 
| 207|0x000000008cf00000, 0x000000008cf00000, 0x000000008d000000|  0%| F|  |TAMS 0x000000008cf00000, 0x000000008cf00000| Untracked 
| 208|0x000000008d000000, 0x000000008d000000, 0x000000008d100000|  0%| F|  |TAMS 0x000000008d000000, 0x000000008d000000| Untracked 
| 209|0x000000008d100000, 0x000000008d100000, 0x000000008d200000|  0%| F|  |TAMS 0x000000008d100000, 0x000000008d100000| Untracked 
| 210|0x000000008d200000, 0x000000008d200000, 0x000000008d300000|  0%| F|  |TAMS 0x000000008d200000, 0x000000008d200000| Untracked 
| 211|0x000000008d300000, 0x000000008d300000, 0x000000008d400000|  0%| F|  |TAMS 0x000000008d300000, 0x000000008d300000| Untracked 
| 212|0x000000008d400000, 0x000000008d400000, 0x000000008d500000|  0%| F|  |TAMS 0x000000008d400000, 0x000000008d400000| Untracked 
| 213|0x000000008d500000, 0x000000008d500000, 0x000000008d600000|  0%| F|  |TAMS 0x000000008d500000, 0x000000008d500000| Untracked 
| 214|0x000000008d600000, 0x000000008d600000, 0x000000008d700000|  0%| F|  |TAMS 0x000000008d600000, 0x000000008d600000| Untracked 
| 215|0x000000008d700000, 0x000000008d700000, 0x000000008d800000|  0%| F|  |TAMS 0x000000008d700000, 0x000000008d700000| Untracked 
| 216|0x000000008d800000, 0x000000008d800000, 0x000000008d900000|  0%| F|  |TAMS 0x000000008d800000, 0x000000008d800000| Untracked 
| 217|0x000000008d900000, 0x000000008d900000, 0x000000008da00000|  0%| F|  |TAMS 0x000000008d900000, 0x000000008d900000| Untracked 
| 218|0x000000008da00000, 0x000000008da00000, 0x000000008db00000|  0%| F|  |TAMS 0x000000008da00000, 0x000000008da00000| Untracked 
| 219|0x000000008db00000, 0x000000008db00000, 0x000000008dc00000|  0%| F|  |TAMS 0x000000008db00000, 0x000000008db00000| Untracked 
| 220|0x000000008dc00000, 0x000000008dc00000, 0x000000008dd00000|  0%| F|  |TAMS 0x000000008dc00000, 0x000000008dc00000| Untracked 
| 221|0x000000008dd00000, 0x000000008dd00000, 0x000000008de00000|  0%| F|  |TAMS 0x000000008dd00000, 0x000000008dd00000| Untracked 
| 222|0x000000008de00000, 0x000000008de00000, 0x000000008df00000|  0%| F|  |TAMS 0x000000008de00000, 0x000000008de00000| Untracked 
| 223|0x000000008df00000, 0x000000008df00000, 0x000000008e000000|  0%| F|  |TAMS 0x000000008df00000, 0x000000008df00000| Untracked 
| 224|0x000000008e000000, 0x000000008e000000, 0x000000008e100000|  0%| F|  |TAMS 0x000000008e000000, 0x000000008e000000| Untracked 
| 225|0x000000008e100000, 0x000000008e100000, 0x000000008e200000|  0%| F|  |TAMS 0x000000008e100000, 0x000000008e100000| Untracked 
| 226|0x000000008e200000, 0x000000008e200000, 0x000000008e300000|  0%| F|  |TAMS 0x000000008e200000, 0x000000008e200000| Untracked 
| 227|0x000000008e300000, 0x000000008e300000, 0x000000008e400000|  0%| F|  |TAMS 0x000000008e300000, 0x000000008e300000| Untracked 
| 228|0x000000008e400000, 0x000000008e400000, 0x000000008e500000|  0%| F|  |TAMS 0x000000008e400000, 0x000000008e400000| Untracked 
| 229|0x000000008e500000, 0x000000008e500000, 0x000000008e600000|  0%| F|  |TAMS 0x000000008e500000, 0x000000008e500000| Untracked 
| 230|0x000000008e600000, 0x000000008e600000, 0x000000008e700000|  0%| F|  |TAMS 0x000000008e600000, 0x000000008e600000| Untracked 
| 231|0x000000008e700000, 0x000000008e700000, 0x000000008e800000|  0%| F|  |TAMS 0x000000008e700000, 0x000000008e700000| Untracked 
| 232|0x000000008e800000, 0x000000008e800000, 0x000000008e900000|  0%| F|  |TAMS 0x000000008e800000, 0x000000008e800000| Untracked 
| 233|0x000000008e900000, 0x000000008e900000, 0x000000008ea00000|  0%| F|  |TAMS 0x000000008e900000, 0x000000008e900000| Untracked 
| 234|0x000000008ea00000, 0x000000008ea00000, 0x000000008eb00000|  0%| F|  |TAMS 0x000000008ea00000, 0x000000008ea00000| Untracked 
| 235|0x000000008eb00000, 0x000000008eb00000, 0x000000008ec00000|  0%| F|  |TAMS 0x000000008eb00000, 0x000000008eb00000| Untracked 
| 236|0x000000008ec00000, 0x000000008ec00000, 0x000000008ed00000|  0%| F|  |TAMS 0x000000008ec00000, 0x000000008ec00000| Untracked 
| 237|0x000000008ed00000, 0x000000008ed00000, 0x000000008ee00000|  0%| F|  |TAMS 0x000000008ed00000, 0x000000008ed00000| Untracked 
| 238|0x000000008ee00000, 0x000000008ee00000, 0x000000008ef00000|  0%| F|  |TAMS 0x000000008ee00000, 0x000000008ee00000| Untracked 
| 239|0x000000008ef00000, 0x000000008ef00000, 0x000000008f000000|  0%| F|  |TAMS 0x000000008ef00000, 0x000000008ef00000| Untracked 
| 240|0x000000008f000000, 0x000000008f000000, 0x000000008f100000|  0%| F|  |TAMS 0x000000008f000000, 0x000000008f000000| Untracked 
| 241|0x000000008f100000, 0x000000008f100000, 0x000000008f200000|  0%| F|  |TAMS 0x000000008f100000, 0x000000008f100000| Untracked 
| 242|0x000000008f200000, 0x000000008f200000, 0x000000008f300000|  0%| F|  |TAMS 0x000000008f200000, 0x000000008f200000| Untracked 
| 243|0x000000008f300000, 0x000000008f300000, 0x000000008f400000|  0%| F|  |TAMS 0x000000008f300000, 0x000000008f300000| Untracked 
| 244|0x000000008f400000, 0x000000008f400000, 0x000000008f500000|  0%| F|  |TAMS 0x000000008f400000, 0x000000008f400000| Untracked 
| 245|0x000000008f500000, 0x000000008f500000, 0x000000008f600000|  0%| F|  |TAMS 0x000000008f500000, 0x000000008f500000| Untracked 
| 246|0x000000008f600000, 0x000000008f600000, 0x000000008f700000|  0%| F|  |TAMS 0x000000008f600000, 0x000000008f600000| Untracked 
| 247|0x000000008f700000, 0x000000008f700000, 0x000000008f800000|  0%| F|  |TAMS 0x000000008f700000, 0x000000008f700000| Untracked 
| 248|0x000000008f800000, 0x000000008f800000, 0x000000008f900000|  0%| F|  |TAMS 0x000000008f800000, 0x000000008f800000| Untracked 
| 249|0x000000008f900000, 0x000000008f900000, 0x000000008fa00000|  0%| F|  |TAMS 0x000000008f900000, 0x000000008f900000| Untracked 
| 250|0x000000008fa00000, 0x000000008fa00000, 0x000000008fb00000|  0%| F|  |TAMS 0x000000008fa00000, 0x000000008fa00000| Untracked 
| 251|0x000000008fb00000, 0x000000008fb00000, 0x000000008fc00000|  0%| F|  |TAMS 0x000000008fb00000, 0x000000008fb00000| Untracked 
| 252|0x000000008fc00000, 0x000000008fc00000, 0x000000008fd00000|  0%| F|  |TAMS 0x000000008fc00000, 0x000000008fc00000| Untracked 
| 253|0x000000008fd00000, 0x000000008fd00000, 0x000000008fe00000|  0%| F|  |TAMS 0x000000008fd00000, 0x000000008fd00000| Untracked 
| 254|0x000000008fe00000, 0x000000008fe00000, 0x000000008ff00000|  0%| F|  |TAMS 0x000000008fe00000, 0x000000008fe00000| Untracked 
| 255|0x000000008ff00000, 0x000000008ff00000, 0x0000000090000000|  0%| F|  |TAMS 0x000000008ff00000, 0x000000008ff00000| Untracked 
| 256|0x0000000090000000, 0x0000000090000000, 0x0000000090100000|  0%| F|  |TAMS 0x0000000090000000, 0x0000000090000000| Untracked 
| 257|0x0000000090100000, 0x0000000090100000, 0x0000000090200000|  0%| F|  |TAMS 0x0000000090100000, 0x0000000090100000| Untracked 
| 258|0x0000000090200000, 0x0000000090200000, 0x0000000090300000|  0%| F|  |TAMS 0x0000000090200000, 0x0000000090200000| Untracked 
| 259|0x0000000090300000, 0x0000000090300000, 0x0000000090400000|  0%| F|  |TAMS 0x0000000090300000, 0x0000000090300000| Untracked 
| 260|0x0000000090400000, 0x0000000090400000, 0x0000000090500000|  0%| F|  |TAMS 0x0000000090400000, 0x0000000090400000| Untracked 
| 261|0x0000000090500000, 0x0000000090500000, 0x0000000090600000|  0%| F|  |TAMS 0x0000000090500000, 0x0000000090500000| Untracked 
| 262|0x0000000090600000, 0x0000000090600000, 0x0000000090700000|  0%| F|  |TAMS 0x0000000090600000, 0x0000000090600000| Untracked 
| 263|0x0000000090700000, 0x0000000090700000, 0x0000000090800000|  0%| F|  |TAMS 0x0000000090700000, 0x0000000090700000| Untracked 
| 264|0x0000000090800000, 0x0000000090800000, 0x0000000090900000|  0%| F|  |TAMS 0x0000000090800000, 0x0000000090800000| Untracked 
| 265|0x0000000090900000, 0x0000000090900000, 0x0000000090a00000|  0%| F|  |TAMS 0x0000000090900000, 0x0000000090900000| Untracked 
| 266|0x0000000090a00000, 0x0000000090a00000, 0x0000000090b00000|  0%| F|  |TAMS 0x0000000090a00000, 0x0000000090a00000| Untracked 
| 267|0x0000000090b00000, 0x0000000090b00000, 0x0000000090c00000|  0%| F|  |TAMS 0x0000000090b00000, 0x0000000090b00000| Untracked 
| 268|0x0000000090c00000, 0x0000000090c00000, 0x0000000090d00000|  0%| F|  |TAMS 0x0000000090c00000, 0x0000000090c00000| Untracked 
| 269|0x0000000090d00000, 0x0000000090d00000, 0x0000000090e00000|  0%| F|  |TAMS 0x0000000090d00000, 0x0000000090d00000| Untracked 
| 270|0x0000000090e00000, 0x0000000090e00000, 0x0000000090f00000|  0%| F|  |TAMS 0x0000000090e00000, 0x0000000090e00000| Untracked 
| 271|0x0000000090f00000, 0x0000000090f00000, 0x0000000091000000|  0%| F|  |TAMS 0x0000000090f00000, 0x0000000090f00000| Untracked 
| 272|0x0000000091000000, 0x0000000091000000, 0x0000000091100000|  0%| F|  |TAMS 0x0000000091000000, 0x0000000091000000| Untracked 
| 273|0x0000000091100000, 0x0000000091100000, 0x0000000091200000|  0%| F|  |TAMS 0x0000000091100000, 0x0000000091100000| Untracked 
| 274|0x0000000091200000, 0x0000000091200000, 0x0000000091300000|  0%| F|  |TAMS 0x0000000091200000, 0x0000000091200000| Untracked 
| 275|0x0000000091300000, 0x0000000091300000, 0x0000000091400000|  0%| F|  |TAMS 0x0000000091300000, 0x0000000091300000| Untracked 
| 276|0x0000000091400000, 0x0000000091400000, 0x0000000091500000|  0%| F|  |TAMS 0x0000000091400000, 0x0000000091400000| Untracked 
| 277|0x0000000091500000, 0x0000000091500000, 0x0000000091600000|  0%| F|  |TAMS 0x0000000091500000, 0x0000000091500000| Untracked 
| 278|0x0000000091600000, 0x0000000091600000, 0x0000000091700000|  0%| F|  |TAMS 0x0000000091600000, 0x0000000091600000| Untracked 
| 279|0x0000000091700000, 0x0000000091700000, 0x0000000091800000|  0%| F|  |TAMS 0x0000000091700000, 0x0000000091700000| Untracked 
| 280|0x0000000091800000, 0x0000000091800000, 0x0000000091900000|  0%| F|  |TAMS 0x0000000091800000, 0x0000000091800000| Untracked 
| 281|0x0000000091900000, 0x0000000091900000, 0x0000000091a00000|  0%| F|  |TAMS 0x0000000091900000, 0x0000000091900000| Untracked 
| 282|0x0000000091a00000, 0x0000000091a00000, 0x0000000091b00000|  0%| F|  |TAMS 0x0000000091a00000, 0x0000000091a00000| Untracked 
| 283|0x0000000091b00000, 0x0000000091b00000, 0x0000000091c00000|  0%| F|  |TAMS 0x0000000091b00000, 0x0000000091b00000| Untracked 
| 284|0x0000000091c00000, 0x0000000091c00000, 0x0000000091d00000|  0%| F|  |TAMS 0x0000000091c00000, 0x0000000091c00000| Untracked 
| 285|0x0000000091d00000, 0x0000000091d00000, 0x0000000091e00000|  0%| F|  |TAMS 0x0000000091d00000, 0x0000000091d00000| Untracked 
| 286|0x0000000091e00000, 0x0000000091e00000, 0x0000000091f00000|  0%| F|  |TAMS 0x0000000091e00000, 0x0000000091e00000| Untracked 
| 287|0x0000000091f00000, 0x0000000091f00000, 0x0000000092000000|  0%| F|  |TAMS 0x0000000091f00000, 0x0000000091f00000| Untracked 
| 288|0x0000000092000000, 0x0000000092000000, 0x0000000092100000|  0%| F|  |TAMS 0x0000000092000000, 0x0000000092000000| Untracked 
| 289|0x0000000092100000, 0x0000000092100000, 0x0000000092200000|  0%| F|  |TAMS 0x0000000092100000, 0x0000000092100000| Untracked 
| 290|0x0000000092200000, 0x0000000092200000, 0x0000000092300000|  0%| F|  |TAMS 0x0000000092200000, 0x0000000092200000| Untracked 
| 291|0x0000000092300000, 0x0000000092300000, 0x0000000092400000|  0%| F|  |TAMS 0x0000000092300000, 0x0000000092300000| Untracked 
| 292|0x0000000092400000, 0x0000000092400000, 0x0000000092500000|  0%| F|  |TAMS 0x0000000092400000, 0x0000000092400000| Untracked 
| 293|0x0000000092500000, 0x0000000092500000, 0x0000000092600000|  0%| F|  |TAMS 0x0000000092500000, 0x0000000092500000| Untracked 
| 294|0x0000000092600000, 0x0000000092600000, 0x0000000092700000|  0%| F|  |TAMS 0x0000000092600000, 0x0000000092600000| Untracked 
| 295|0x0000000092700000, 0x00000000927a39c8, 0x0000000092800000| 63%| E|  |TAMS 0x0000000092700000, 0x0000000092700000| Complete 
| 296|0x0000000092800000, 0x0000000092900000, 0x0000000092900000|100%| E|CS|TAMS 0x0000000092800000, 0x0000000092800000| Complete 
| 297|0x0000000092900000, 0x0000000092a00000, 0x0000000092a00000|100%| E|CS|TAMS 0x0000000092900000, 0x0000000092900000| Complete 
| 298|0x0000000092a00000, 0x0000000092b00000, 0x0000000092b00000|100%| E|CS|TAMS 0x0000000092a00000, 0x0000000092a00000| Complete 
| 299|0x0000000092b00000, 0x0000000092c00000, 0x0000000092c00000|100%| E|CS|TAMS 0x0000000092b00000, 0x0000000092b00000| Complete 
| 300|0x0000000092c00000, 0x0000000092d00000, 0x0000000092d00000|100%| E|CS|TAMS 0x0000000092c00000, 0x0000000092c00000| Complete 
| 301|0x0000000092d00000, 0x0000000092e00000, 0x0000000092e00000|100%| E|CS|TAMS 0x0000000092d00000, 0x0000000092d00000| Complete 
| 302|0x0000000092e00000, 0x0000000092f00000, 0x0000000092f00000|100%| E|CS|TAMS 0x0000000092e00000, 0x0000000092e00000| Complete 
| 303|0x0000000092f00000, 0x0000000093000000, 0x0000000093000000|100%| E|CS|TAMS 0x0000000092f00000, 0x0000000092f00000| Complete 
| 304|0x0000000093000000, 0x0000000093100000, 0x0000000093100000|100%| E|CS|TAMS 0x0000000093000000, 0x0000000093000000| Complete 
| 305|0x0000000093100000, 0x0000000093200000, 0x0000000093200000|100%| E|CS|TAMS 0x0000000093100000, 0x0000000093100000| Complete 
| 306|0x0000000093200000, 0x0000000093300000, 0x0000000093300000|100%| E|CS|TAMS 0x0000000093200000, 0x0000000093200000| Complete 
| 307|0x0000000093300000, 0x0000000093400000, 0x0000000093400000|100%| E|CS|TAMS 0x0000000093300000, 0x0000000093300000| Complete 
| 308|0x0000000093400000, 0x0000000093500000, 0x0000000093500000|100%| E|CS|TAMS 0x0000000093400000, 0x0000000093400000| Complete 
| 309|0x0000000093500000, 0x0000000093600000, 0x0000000093600000|100%| E|CS|TAMS 0x0000000093500000, 0x0000000093500000| Complete 
| 310|0x0000000093600000, 0x0000000093700000, 0x0000000093700000|100%| E|CS|TAMS 0x0000000093600000, 0x0000000093600000| Complete 

Card table byte_map: [0x000002a7effb0000,0x000002a7f03b0000] _byte_map_base: 0x000002a7efbb0000

Marking Bits (Prev, Next): (CMBitMap*) 0x000002a7db46dfd0, (CMBitMap*) 0x000002a7db46df98
 Prev Bits: [0x000002a7f27b0000, 0x000002a7f47b0000)
 Next Bits: [0x000002a7f07b0000, 0x000002a7f27b0000)

Polling page: 0x000002a7db510000

Metaspace:

Usage:
  Non-class:    130.35 MB capacity,   127.61 MB ( 98%) used,     2.29 MB (  2%) free+waste,   459.88 KB ( <1%) overhead. 
      Class:     18.99 MB capacity,    17.59 MB ( 93%) used,     1.20 MB (  6%) free+waste,   203.19 KB (  1%) overhead. 
       Both:    149.33 MB capacity,   145.20 MB ( 97%) used,     3.49 MB (  2%) free+waste,   663.06 KB ( <1%) overhead. 

Virtual space:
  Non-class space:      132.00 MB reserved,     130.95 MB (>99%) committed 
      Class space:        1.00 GB reserved,      19.25 MB (  2%) committed 
             Both:        1.13 GB reserved,     150.20 MB ( 13%) committed 

Chunk freelists:
   Non-Class:  553.00 KB
       Class:  173.00 KB
        Both:  726.00 KB

MaxMetaspaceSize: 17179869184.00 GB
CompressedClassSpaceSize: 1.00 GB

CodeHeap 'non-profiled nmethods': size=120064Kb used=20036Kb max_used=21036Kb free=100027Kb
 bounds [0x000002a7e8050000, 0x000002a7e94e0000, 0x000002a7ef590000]
CodeHeap 'profiled nmethods': size=120000Kb used=45396Kb max_used=45396Kb free=74603Kb
 bounds [0x000002a7e0b20000, 0x000002a7e37d0000, 0x000002a7e8050000]
CodeHeap 'non-nmethods': size=5696Kb used=2402Kb max_used=2449Kb free=3294Kb
 bounds [0x000002a7e0590000, 0x000002a7e0820000, 0x000002a7e0b20000]
 total_blobs=23708 nmethods=22664 adapters=953
 compilation: enabled
              stopped_count=0, restarted_count=0
 full_count=0

Compilation events (20 events):
Event: 9524.386 Thread 0x000002a7f6e29000 nmethod 31994 0x000002a7e8a46610 code [0x000002a7e8a467c0, 0x000002a7e8a46a18]
Event: 9524.386 Thread 0x000002a7f6e29000 31995       4       org.gradle.api.internal.file.collections.DefaultDirectoryWalker$PathVisitor::postVisitDirectory (95 bytes)
Event: 9524.393 Thread 0x000002a7f6e29000 nmethod 31995 0x000002a7e8a46090 code [0x000002a7e8a46240, 0x000002a7e8a46418]
Event: 9524.426 Thread 0x000002a7f6e30800 31996       3       org.gradle.api.internal.file.collections.DirectoryFileTree::visitFrom (71 bytes)
Event: 9524.431 Thread 0x000002a7f6e30800 nmethod 31996 0x000002a7e37bec90 code [0x000002a7e37bef20, 0x000002a7e37bfa68]
Event: 9524.495 Thread 0x000002a7f6e30800 31997       3       kotlin.text.StringsKt__StringsKt::substringAfterLast (71 bytes)
Event: 9524.498 Thread 0x000002a7f6e30800 nmethod 31997 0x000002a7e37bfe90 code [0x000002a7e37c0100, 0x000002a7e37c0898]
Event: 9524.499 Thread 0x000002a7f6e30800 31998       3       org.jetbrains.kotlin.gradle.internal.KaptGenerateStubsTask_Decorated::getDestinationDir (25 bytes)
Event: 9524.504 Thread 0x000002a7f6e30800 nmethod 31998 0x000002a7e37c0c90 code [0x000002a7e37c0ec0, 0x000002a7e37c1788]
Event: 9524.536 Thread 0x000002a7f6e30800 31999   !   3       org.gradle.api.internal.artifacts.ivyservice.resolveengine.artifact.ArtifactBackedResolvedVariant$DownloadArtifactFile::run (50 bytes)
Event: 9524.537 Thread 0x000002a7f6e30800 nmethod 31999 0x000002a7e37c1a90 code [0x000002a7e37c1c80, 0x000002a7e37c2118]
Event: 9524.542 Thread 0x000002a7f6e30800 32000       3       org.gradle.api.internal.artifacts.transform.TransformingAsyncArtifactListener::artifactAvailable (98 bytes)
Event: 9524.544 Thread 0x000002a7f6e30800 nmethod 32000 0x000002a7e37c2390 code [0x000002a7e37c2640, 0x000002a7e37c3458]
Event: 9524.632 Thread 0x000002a7f6e30800 32001  s    3       com.android.build.gradle.internal.scope.GlobalScope::getFilteredBootClasspath (106 bytes)
Event: 9524.641 Thread 0x000002a7f6e30800 nmethod 32001 0x000002a7e37c3910 code [0x000002a7e37c3c60, 0x000002a7e37c5588]
Event: 9524.642 Thread 0x000002a7f6e29000 32002       4       org.gradle.internal.component.model.ComponentAttributeMatcher::match (259 bytes)
Event: 9524.790 Thread 0x000002a7f6e30800 32003       3       org.gradle.api.internal.file.FileCollectionBackedFileTree$$Lambda$548/0x000000010093c440::get (12 bytes)
Event: 9524.791 Thread 0x000002a7f6e30800 nmethod 32003 0x000002a7e37c5c90 code [0x000002a7e37c5e80, 0x000002a7e37c6418]
Event: 9524.791 Thread 0x000002a7f6e30800 32004       3       org.gradle.api.internal.file.FileCollectionBackedFileTree::lambda$matching$0 (21 bytes)
Event: 9524.792 Thread 0x000002a7f6e30800 nmethod 32004 0x000002a7e37c6610 code [0x000002a7e37c6800, 0x000002a7e37c6d38]

GC Heap History (20 events):
Event: 9483.780 GC heap before
{Heap before GC invocations=195 (full 0):
 garbage-first heap   total 243712K, used 175284K [0x0000000080000000, 0x0000000100000000)
  region size 1024K, 26 young (26624K), 2 survivors (2048K)
 Metaspace       used 143697K, capacity 147867K, committed 149068K, reserved 1179648K
  class space    used 17600K, capacity 19022K, committed 19328K, reserved 1048576K
}
Event: 9483.819 GC heap after
{Heap after GC invocations=196 (full 0):
 garbage-first heap   total 243712K, used 157129K [0x0000000080000000, 0x0000000100000000)
  region size 1024K, 5 young (5120K), 5 survivors (5120K)
 Metaspace       used 143697K, capacity 147867K, committed 149068K, reserved 1179648K
  class space    used 17600K, capacity 19022K, committed 19328K, reserved 1048576K
}
Event: 9486.397 GC heap before
{Heap before GC invocations=197 (full 0):
 garbage-first heap   total 243712K, used 206281K [0x0000000080000000, 0x0000000100000000)
  region size 1024K, 40 young (40960K), 5 survivors (5120K)
 Metaspace       used 145622K, capacity 149787K, committed 150732K, reserved 1181696K
  class space    used 17749K, capacity 19161K, committed 19456K, reserved 1048576K
}
Event: 9486.429 GC heap after
{Heap after GC invocations=198 (full 0):
 garbage-first heap   total 243712K, used 158891K [0x0000000080000000, 0x0000000100000000)
  region size 1024K, 3 young (3072K), 3 survivors (3072K)
 Metaspace       used 145622K, capacity 149787K, committed 150732K, reserved 1181696K
  class space    used 17749K, capacity 19161K, committed 19456K, reserved 1048576K
}
Event: 9486.813 GC heap before
{Heap before GC invocations=198 (full 0):
 garbage-first heap   total 243712K, used 166059K [0x0000000080000000, 0x0000000100000000)
  region size 1024K, 11 young (11264K), 3 survivors (3072K)
 Metaspace       used 145632K, capacity 149790K, committed 150732K, reserved 1181696K
  class space    used 17750K, capacity 19162K, committed 19456K, reserved 1048576K
}
Event: 9486.838 GC heap after
{Heap after GC invocations=199 (full 0):
 garbage-first heap   total 243712K, used 157634K [0x0000000080000000, 0x0000000100000000)
  region size 1024K, 1 young (1024K), 1 survivors (1024K)
 Metaspace       used 145632K, capacity 149790K, committed 150732K, reserved 1181696K
  class space    used 17750K, capacity 19162K, committed 19456K, reserved 1048576K
}
Event: 9487.778 GC heap before
{Heap before GC invocations=199 (full 0):
 garbage-first heap   total 243712K, used 194498K [0x0000000080000000, 0x0000000100000000)
  region size 1024K, 38 young (38912K), 1 survivors (1024K)
 Metaspace       used 146111K, capacity 150238K, committed 151244K, reserved 1181696K
  class space    used 17792K, capacity 19226K, committed 19456K, reserved 1048576K
}
Event: 9487.823 GC heap after
{Heap after GC invocations=200 (full 0):
 garbage-first heap   total 243712K, used 159332K [0x0000000080000000, 0x0000000100000000)
  region size 1024K, 3 young (3072K), 3 survivors (3072K)
 Metaspace       used 146111K, capacity 150238K, committed 151244K, reserved 1181696K
  class space    used 17792K, capacity 19226K, committed 19456K, reserved 1048576K
}
Event: 9489.461 GC heap before
{Heap before GC invocations=201 (full 0):
 garbage-first heap   total 243712K, used 189028K [0x0000000080000000, 0x0000000100000000)
  region size 1024K, 40 young (40960K), 3 survivors (3072K)
 Metaspace       used 147560K, capacity 151684K, committed 152652K, reserved 1181696K
  class space    used 17904K, capacity 19323K, committed 19584K, reserved 1048576K
}
Event: 9489.484 GC heap after
{Heap after GC invocations=202 (full 0):
 garbage-first heap   total 243712K, used 155531K [0x0000000080000000, 0x0000000100000000)
  region size 1024K, 5 young (5120K), 5 survivors (5120K)
 Metaspace       used 147560K, capacity 151684K, committed 152652K, reserved 1181696K
  class space    used 17904K, capacity 19323K, committed 19584K, reserved 1048576K
}
Event: 9489.647 GC heap before
{Heap before GC invocations=202 (full 0):
 garbage-first heap   total 243712K, used 160651K [0x0000000080000000, 0x0000000100000000)
  region size 1024K, 11 young (11264K), 5 survivors (5120K)
 Metaspace       used 147659K, capacity 151812K, committed 152908K, reserved 1183744K
  class space    used 17911K, capacity 19323K, committed 19584K, reserved 1048576K
}
Event: 9489.706 GC heap after
{Heap after GC invocations=203 (full 0):
 garbage-first heap   total 243712K, used 144424K [0x0000000080000000, 0x0000000100000000)
  region size 1024K, 2 young (2048K), 2 survivors (2048K)
 Metaspace       used 147659K, capacity 151812K, committed 152908K, reserved 1183744K
  class space    used 17911K, capacity 19323K, committed 19584K, reserved 1048576K
}
Event: 9491.738 GC heap before
{Heap before GC invocations=203 (full 0):
 garbage-first heap   total 243712K, used 188456K [0x0000000080000000, 0x0000000100000000)
  region size 1024K, 46 young (47104K), 2 survivors (2048K)
 Metaspace       used 148603K, capacity 152812K, committed 153804K, reserved 1183744K
  class space    used 18011K, capacity 19436K, committed 19712K, reserved 1048576K
}
Event: 9491.760 GC heap after
{Heap after GC invocations=204 (full 0):
 garbage-first heap   total 243712K, used 146415K [0x0000000080000000, 0x0000000100000000)
  region size 1024K, 4 young (4096K), 4 survivors (4096K)
 Metaspace       used 148603K, capacity 152812K, committed 153804K, reserved 1183744K
  class space    used 18011K, capacity 19436K, committed 19712K, reserved 1048576K
}
Event: 9512.980 GC heap before
{Heap before GC invocations=205 (full 0):
 garbage-first heap   total 243712K, used 191471K [0x0000000080000000, 0x0000000100000000)
  region size 1024K, 49 young (50176K), 4 survivors (4096K)
 Metaspace       used 148676K, capacity 152918K, committed 153804K, reserved 1183744K
  class space    used 18015K, capacity 19443K, committed 19712K, reserved 1048576K
}
Event: 9513.191 GC heap after
{Heap after GC invocations=206 (full 0):
 garbage-first heap   total 243712K, used 151552K [0x0000000080000000, 0x0000000100000000)
  region size 1024K, 7 young (7168K), 7 survivors (7168K)
 Metaspace       used 148676K, capacity 152918K, committed 153804K, reserved 1183744K
  class space    used 18015K, capacity 19443K, committed 19712K, reserved 1048576K
}
Event: 9513.294 GC heap before
{Heap before GC invocations=206 (full 0):
 garbage-first heap   total 243712K, used 154624K [0x0000000080000000, 0x0000000100000000)
  region size 1024K, 11 young (11264K), 7 survivors (7168K)
 Metaspace       used 148676K, capacity 152918K, committed 153804K, reserved 1183744K
  class space    used 18015K, capacity 19443K, committed 19712K, reserved 1048576K
}
Event: 9513.478 GC heap after
{Heap after GC invocations=207 (full 0):
 garbage-first heap   total 243712K, used 146471K [0x0000000080000000, 0x0000000100000000)
  region size 1024K, 1 young (1024K), 1 survivors (1024K)
 Metaspace       used 148676K, capacity 152918K, committed 153804K, reserved 1183744K
  class space    used 18015K, capacity 19443K, committed 19712K, reserved 1048576K
}
Event: 9516.525 GC heap before
{Heap before GC invocations=207 (full 0):
 garbage-first heap   total 243712K, used 191527K [0x0000000080000000, 0x0000000100000000)
  region size 1024K, 46 young (47104K), 1 survivors (1024K)
 Metaspace       used 148680K, capacity 152918K, committed 153804K, reserved 1183744K
  class space    used 18015K, capacity 19443K, committed 19712K, reserved 1048576K
}
Event: 9516.577 GC heap after
{Heap after GC invocations=208 (full 0):
 garbage-first heap   total 318464K, used 146943K [0x0000000080000000, 0x0000000100000000)
  region size 1024K, 2 young (2048K), 2 survivors (2048K)
 Metaspace       used 148680K, capacity 152918K, committed 153804K, reserved 1183744K
  class space    used 18015K, capacity 19443K, committed 19712K, reserved 1048576K
}

Deoptimization events (20 events):
Event: 9512.041 Thread 0x000002a7f87a4800 DEOPT PACKING pc=0x000002a7e308341e sp=0x000000e3b9cfda10
Event: 9512.041 Thread 0x000002a7f87a4800 DEOPT UNPACKING pc=0x000002a7e05b72ce sp=0x000000e3b9cfcf18 mode 0
Event: 9512.108 Thread 0x000002a7f87a4800 DEOPT PACKING pc=0x000002a7e333dc3e sp=0x000000e3b9cfdb90
Event: 9512.108 Thread 0x000002a7f87a4800 DEOPT UNPACKING pc=0x000002a7e05b72ce sp=0x000000e3b9cfd168 mode 0
Event: 9512.162 Thread 0x000002a7f87a4800 DEOPT PACKING pc=0x000002a7e308341e sp=0x000000e3b9cfdaa0
Event: 9512.162 Thread 0x000002a7f87a4800 DEOPT UNPACKING pc=0x000002a7e05b72ce sp=0x000000e3b9cfcfa8 mode 0
Event: 9512.268 Thread 0x000002a7f87a4800 DEOPT PACKING pc=0x000002a7e333daf2 sp=0x000000e3b9cfda70
Event: 9512.268 Thread 0x000002a7f87a4800 DEOPT UNPACKING pc=0x000002a7e05b72ce sp=0x000000e3b9cfd048 mode 0
Event: 9512.283 Thread 0x000002a7f87a4800 DEOPT PACKING pc=0x000002a7e308341e sp=0x000000e3b9cfd840
Event: 9512.283 Thread 0x000002a7f87a4800 DEOPT UNPACKING pc=0x000002a7e05b72ce sp=0x000000e3b9cfcd48 mode 0
Event: 9515.771 Thread 0x000002a7f879f800 DEOPT PACKING pc=0x000002a7e26f94be sp=0x000000e3b93fbd50
Event: 9515.771 Thread 0x000002a7f879f800 DEOPT UNPACKING pc=0x000002a7e05b72ce sp=0x000000e3b93fb278 mode 0
Event: 9515.772 Thread 0x000002a7f879f800 DEOPT PACKING pc=0x000002a7e2800eb3 sp=0x000000e3b93fbbd0
Event: 9515.772 Thread 0x000002a7f879f800 DEOPT UNPACKING pc=0x000002a7e05b72ce sp=0x000000e3b93fb118 mode 0
Event: 9516.626 Thread 0x000002a7f879f800 Uncommon trap: trap_request=0xffffff4d fr.pc=0x000002a7e8999d88 relative=0x00000000000003a8
Event: 9516.626 Thread 0x000002a7f879f800 Uncommon trap: reason=unstable_if action=reinterpret pc=0x000002a7e8999d88 method=java.lang.ref.SoftReference.get()Ljava/lang/Object; @ 6 c2
Event: 9516.628 Thread 0x000002a7f879f800 DEOPT PACKING pc=0x000002a7e8999d88 sp=0x000000e3b93fcc70
Event: 9516.628 Thread 0x000002a7f879f800 DEOPT UNPACKING pc=0x000002a7e05b74af sp=0x000000e3b93fcbb0 mode 2
Event: 9516.867 Thread 0x000002a7f879f800 DEOPT PACKING pc=0x000002a7e3718622 sp=0x000000e3b93fcf20
Event: 9516.867 Thread 0x000002a7f879f800 DEOPT UNPACKING pc=0x000002a7e05b72ce sp=0x000000e3b93fc3e8 mode 0

Classes redefined (0 events):
No events

Internal exceptions (20 events):
Event: 9484.654 Thread 0x000002a7fd745000 Exception <a 'java/lang/NoSuchMethodError'{0x000000008ecee218}: <clinit>> (0x000000008ecee218) thrown at [./src/hotspot/share/prims/jni.cpp, line 1362]
Event: 9485.544 Thread 0x000002a7f87a1000 Exception <a 'java/lang/NoSuchMethodError'{0x000000008e6c4f98}: <clinit>> (0x000000008e6c4f98) thrown at [./src/hotspot/share/prims/jni.cpp, line 1362]
Event: 9485.554 Thread 0x000002a7f87a3000 Implicit null exception at 0x000002a7e8412f2e to 0x000002a7e84136a4
Event: 9485.560 Thread 0x000002a7f87a3000 Implicit null exception at 0x000002a7e8412f2e to 0x000002a7e84136a4
Event: 9485.560 Thread 0x000002a7f87a3000 Implicit null exception at 0x000002a7e8412f2e to 0x000002a7e84136a4
Event: 9486.014 Thread 0x000002a7f87a1000 Exception <a 'java/lang/NoSuchMethodError'{0x000000008d663850}: <clinit>> (0x000000008d663850) thrown at [./src/hotspot/share/prims/jni.cpp, line 1362]
Event: 9486.985 Thread 0x000002a7f87a1000 Implicit null exception at 0x000002a7e88fa613 to 0x000002a7e88ff65c
Event: 9488.406 Thread 0x000002a7f87a1000 Implicit null exception at 0x000002a7e8907468 to 0x000002a7e890bc3c
Event: 9491.248 Thread 0x000002a7fd745000 Exception <a 'java/lang/NoSuchMethodError'{0x000000008d372130}: <clinit>> (0x000000008d372130) thrown at [./src/hotspot/share/prims/jni.cpp, line 1362]
Event: 9491.248 Thread 0x000002a7fd745000 Exception <a 'java/lang/NoSuchMethodError'{0x000000008d373be8}: <clinit>> (0x000000008d373be8) thrown at [./src/hotspot/share/prims/jni.cpp, line 1362]
Event: 9491.248 Thread 0x000002a7fd745000 Exception <a 'java/lang/NoSuchMethodError'{0x000000008d3768a8}: <clinit>> (0x000000008d3768a8) thrown at [./src/hotspot/share/prims/jni.cpp, line 1362]
Event: 9491.254 Thread 0x000002a7fd745000 Exception <a 'java/lang/NoSuchMethodError'{0x000000008d397bc8}: <clinit>> (0x000000008d397bc8) thrown at [./src/hotspot/share/prims/jni.cpp, line 1362]
Event: 9491.255 Thread 0x000002a7fd745000 Exception <a 'java/lang/NoSuchMethodError'{0x000000008d3995f8}: <clinit>> (0x000000008d3995f8) thrown at [./src/hotspot/share/prims/jni.cpp, line 1362]
Event: 9491.325 Thread 0x000002a7fd745000 Implicit null exception at 0x000002a7e83d1167 to 0x000002a7e83d1438
Event: 9491.875 Thread 0x000002a7fd745000 Exception <a 'java/lang/NoSuchMethodError'{0x000000008ea1d138}: <clinit>> (0x000000008ea1d138) thrown at [./src/hotspot/share/prims/jni.cpp, line 1362]
Event: 9491.884 Thread 0x000002a7fd745000 Exception <a 'java/lang/NoSuchMethodError'{0x000000008ea800e0}: <clinit>> (0x000000008ea800e0) thrown at [./src/hotspot/share/prims/jni.cpp, line 1362]
Event: 9512.632 Thread 0x000002a7f87a4800 Exception <a 'sun/nio/fs/WindowsException'{0x000000008ca881e0}> (0x000000008ca881e0) thrown at [./src/hotspot/share/prims/jni.cpp, line 615]
Event: 9512.633 Thread 0x000002a7f87a4800 Exception <a 'sun/nio/fs/WindowsException'{0x000000008ca882c8}> (0x000000008ca882c8) thrown at [./src/hotspot/share/prims/jni.cpp, line 615]
Event: 9517.856 Thread 0x000002a7f879f800 Exception <a 'sun/nio/fs/WindowsException'{0x00000000935267c0}> (0x00000000935267c0) thrown at [./src/hotspot/share/prims/jni.cpp, line 615]
Event: 9517.862 Thread 0x000002a7f879f800 Exception <a 'sun/nio/fs/WindowsException'{0x0000000093527420}> (0x0000000093527420) thrown at [./src/hotspot/share/prims/jni.cpp, line 615]

Events (20 events):
Event: 9515.349 Executing VM operation: RevokeBias
Event: 9515.351 Executing VM operation: RevokeBias done
Event: 9515.477 Executing VM operation: RevokeBias
Event: 9515.479 Executing VM operation: RevokeBias done
Event: 9516.200 Executing VM operation: RevokeBias
Event: 9516.201 Executing VM operation: RevokeBias done
Event: 9516.525 Executing VM operation: G1CollectForAllocation
Event: 9516.577 Executing VM operation: G1CollectForAllocation done
Event: 9518.405 Executing VM operation: RevokeBias
Event: 9518.406 Executing VM operation: RevokeBias done
Event: 9518.666 Executing VM operation: CGC_Operation
Event: 9519.159 Executing VM operation: CGC_Operation done
Event: 9520.077 Executing VM operation: CGC_Operation
Event: 9520.078 Executing VM operation: CGC_Operation done
Event: 9524.071 Executing VM operation: RevokeBias
Event: 9524.072 Executing VM operation: RevokeBias done
Event: 9524.075 Executing VM operation: RevokeBias
Event: 9524.076 Executing VM operation: RevokeBias done
Event: 9524.076 Executing VM operation: RevokeBias
Event: 9524.076 Executing VM operation: RevokeBias done


Dynamic libraries:
0x00007ff7f15d0000 - 0x00007ff7f15da000 	C:\Program Files\Android\Android Studio\jre\bin\java.exe
0x00007ff842eb0000 - 0x00007ff8430a5000 	C:\WINDOWS\SYSTEM32\ntdll.dll
0x00007ff8422d0000 - 0x00007ff84238d000 	C:\WINDOWS\System32\KERNEL32.DLL
0x00007ff840890000 - 0x00007ff840b58000 	C:\WINDOWS\System32\KERNELBASE.dll
0x00007ff840e20000 - 0x00007ff840f20000 	C:\WINDOWS\System32\ucrtbase.dll
0x00007ff83bb00000 - 0x00007ff83bb17000 	C:\Program Files\Android\Android Studio\jre\bin\VCRUNTIME140.dll
0x00007ff83b390000 - 0x00007ff83b3a9000 	C:\Program Files\Android\Android Studio\jre\bin\jli.dll
0x00007ff842390000 - 0x00007ff842530000 	C:\WINDOWS\System32\USER32.dll
0x00007ff831b80000 - 0x00007ff831e1a000 	C:\WINDOWS\WinSxS\amd64_microsoft.windows.common-controls_6595b64144ccf1df_6.0.19041.1052_none_60b8f8fd71f5e8cb\COMCTL32.dll
0x00007ff840dc0000 - 0x00007ff840de2000 	C:\WINDOWS\System32\win32u.dll
0x00007ff841050000 - 0x00007ff8410ee000 	C:\WINDOWS\System32\msvcrt.dll
0x00007ff8421f0000 - 0x00007ff84221a000 	C:\WINDOWS\System32\GDI32.dll
0x00007ff840640000 - 0x00007ff84074b000 	C:\WINDOWS\System32\gdi32full.dll
0x00007ff840d20000 - 0x00007ff840dbd000 	C:\WINDOWS\System32\msvcp_win.dll
0x00007ff8421a0000 - 0x00007ff8421d0000 	C:\WINDOWS\System32\IMM32.DLL
0x00007ff833bb0000 - 0x00007ff833c4d000 	C:\Program Files\Android\Android Studio\jre\bin\msvcp140.dll
0x00007ff809130000 - 0x00007ff809bec000 	C:\Program Files\Android\Android Studio\jre\bin\server\jvm.dll
0x00007ff841d00000 - 0x00007ff841dac000 	C:\WINDOWS\System32\ADVAPI32.dll
0x00007ff841db0000 - 0x00007ff841e4b000 	C:\WINDOWS\System32\sechost.dll
0x00007ff840f20000 - 0x00007ff84104b000 	C:\WINDOWS\System32\RPCRT4.dll
0x00007ff842080000 - 0x00007ff842088000 	C:\WINDOWS\System32\PSAPI.DLL
0x00007ff839a20000 - 0x00007ff839a29000 	C:\WINDOWS\SYSTEM32\WSOCK32.dll
0x00007ff838b50000 - 0x00007ff838b5a000 	C:\WINDOWS\SYSTEM32\VERSION.dll
0x00007ff841c30000 - 0x00007ff841c9b000 	C:\WINDOWS\System32\WS2_32.dll
0x00007ff832d30000 - 0x00007ff832d57000 	C:\WINDOWS\SYSTEM32\WINMM.dll
0x00007ff83e720000 - 0x00007ff83e732000 	C:\WINDOWS\SYSTEM32\kernel.appcore.dll
0x00007ff839a00000 - 0x00007ff839a11000 	C:\Program Files\Android\Android Studio\jre\bin\verify.dll
0x00007ff83e300000 - 0x00007ff83e4e4000 	C:\WINDOWS\SYSTEM32\DBGHELP.DLL
0x00007ff830e90000 - 0x00007ff830ebc000 	C:\WINDOWS\SYSTEM32\dbgcore.DLL
0x00007ff840750000 - 0x00007ff8407d3000 	C:\WINDOWS\System32\bcryptPrimitives.dll
0x00007ff8399d0000 - 0x00007ff8399f9000 	C:\Program Files\Android\Android Studio\jre\bin\java.dll
0x00007ff8399c0000 - 0x00007ff8399cb000 	C:\Program Files\Android\Android Studio\jre\bin\jimage.dll
0x00007ff8399a0000 - 0x00007ff8399b8000 	C:\Program Files\Android\Android Studio\jre\bin\zip.dll
0x00007ff842730000 - 0x00007ff842e6f000 	C:\WINDOWS\System32\SHELL32.dll
0x00007ff83e740000 - 0x00007ff83eed0000 	C:\WINDOWS\SYSTEM32\windows.storage.dll
0x00007ff8410f0000 - 0x00007ff841445000 	C:\WINDOWS\System32\combase.dll
0x00007ff840060000 - 0x00007ff84008c000 	C:\WINDOWS\SYSTEM32\Wldp.dll
0x00007ff8420f0000 - 0x00007ff84219e000 	C:\WINDOWS\System32\SHCORE.dll
0x00007ff842090000 - 0x00007ff8420e5000 	C:\WINDOWS\System32\shlwapi.dll
0x00007ff840530000 - 0x00007ff84054f000 	C:\WINDOWS\SYSTEM32\profapi.dll
0x00007ff8384b0000 - 0x00007ff8384ca000 	C:\Program Files\Android\Android Studio\jre\bin\net.dll
0x00007ff82fbb0000 - 0x00007ff82fcbb000 	C:\WINDOWS\SYSTEM32\WINHTTP.dll
0x00007ff83fdd0000 - 0x00007ff83fe3a000 	C:\WINDOWS\system32\mswsock.dll
0x00007ff838030000 - 0x00007ff838044000 	C:\Program Files\Android\Android Studio\jre\bin\nio.dll
0x00007ff8325b0000 - 0x00007ff8325d6000 	C:\Users\ASUS\.gradle\native\fdc75f09e3144964f2cf3f50f0aa648679c211496f362492102eb8c894070792\windows-amd64\native-platform.dll
0x00007ffffda40000 - 0x00007ffffdbd1000 	C:\Users\ASUS\.gradle\native\12488b8bf47d2d4c9fbf2f6322a914ad602e24e48041cd04a747c6da556b65c4\windows-amd64\native-platform-file-events.dll
0x00007ff83aa60000 - 0x00007ff83aa6a000 	C:\Program Files\Android\Android Studio\jre\bin\management.dll
0x00007ff839970000 - 0x00007ff83997c000 	C:\Program Files\Android\Android Studio\jre\bin\management_ext.dll
0x00007ff83ffb0000 - 0x00007ff83ffc8000 	C:\WINDOWS\SYSTEM32\CRYPTSP.dll
0x00007ff83f700000 - 0x00007ff83f734000 	C:\WINDOWS\system32\rsaenh.dll
0x00007ff840df0000 - 0x00007ff840e17000 	C:\WINDOWS\System32\bcrypt.dll
0x00007ff8404f0000 - 0x00007ff84051e000 	C:\WINDOWS\SYSTEM32\USERENV.dll
0x00007ff83ffa0000 - 0x00007ff83ffac000 	C:\WINDOWS\SYSTEM32\CRYPTBASE.dll
0x00007ff83fa70000 - 0x00007ff83faab000 	C:\WINDOWS\SYSTEM32\IPHLPAPI.DLL
0x00007ff841ed0000 - 0x00007ff841ed8000 	C:\WINDOWS\System32\NSI.dll
0x00007ff838870000 - 0x00007ff838887000 	C:\WINDOWS\SYSTEM32\dhcpcsvc6.DLL
0x00007ff8388b0000 - 0x00007ff8388cd000 	C:\WINDOWS\SYSTEM32\dhcpcsvc.DLL
0x00007ff83fac0000 - 0x00007ff83fb8c000 	C:\WINDOWS\SYSTEM32\DNSAPI.dll
0x00007ff838ce0000 - 0x00007ff838ceb000 	C:\WINDOWS\SYSTEM32\WINNSI.DLL
0x00007ff8387f0000 - 0x00007ff83880e000 	C:\Users\ASUS\AppData\Local\Temp\native-platform1050057421465028651dir\native-platform.dll
0x00007ff83bae0000 - 0x00007ff83bae8000 	C:\Program Files\Android\Android Studio\jre\bin\rmi.dll
0x00007ff83f330000 - 0x00007ff83f363000 	C:\WINDOWS\SYSTEM32\ntmarta.dll

dbghelp: loaded successfully - version: 4.0.5 - missing functions: none
symbol engine: initialized successfully - sym options: 0x614 - pdb path: .;C:\Program Files\Android\Android Studio\jre\bin;C:\WINDOWS\SYSTEM32;C:\WINDOWS\WinSxS\amd64_microsoft.windows.common-controls_6595b64144ccf1df_6.0.19041.1052_none_60b8f8fd71f5e8cb;C:\Program Files\Android\Android Studio\jre\bin\server;C:\Users\ASUS\.gradle\native\fdc75f09e3144964f2cf3f50f0aa648679c211496f362492102eb8c894070792\windows-amd64;C:\Users\ASUS\.gradle\native\12488b8bf47d2d4c9fbf2f6322a914ad602e24e48041cd04a747c6da556b65c4\windows-amd64;C:\Users\ASUS\AppData\Local\Temp\native-platform1050057421465028651dir

VM Arguments:
jvm_args: --add-opens=java.base/java.util=ALL-UNNAMED --add-opens=java.base/java.lang=ALL-UNNAMED --add-opens=java.base/java.lang.invoke=ALL-UNNAMED --add-opens=java.prefs/java.util.prefs=ALL-UNNAMED -Xmx2048m -Dfile.encoding=UTF-8 -Duser.country=US -Duser.language=en -Duser.variant 
java_command: org.gradle.launcher.daemon.bootstrap.GradleDaemon 6.7.1
java_class_path (initial): C:\Users\ASUS\.gradle\wrapper\dists\gradle-6.7.1-bin\bwlcbys1h7rz3272sye1xwiv6\gradle-6.7.1\lib\gradle-launcher-6.7.1.jar
Launcher Type: SUN_STANDARD

[Global flags]
     intx CICompilerCount                          = 3                                         {product} {ergonomic}
     uint ConcGCThreads                            = 1                                         {product} {ergonomic}
     uint G1ConcRefinementThreads                  = 4                                         {product} {ergonomic}
   size_t G1HeapRegionSize                         = 1048576                                   {product} {ergonomic}
    uintx GCDrainStackTargetSize                   = 64                                        {product} {ergonomic}
   size_t InitialHeapSize                          = 67108864                                  {product} {ergonomic}
   size_t MarkStackSize                            = 4194304                                   {product} {ergonomic}
   size_t MaxHeapSize                              = 2147483648                                {product} {command line}
   size_t MaxNewSize                               = 1287651328                                {product} {ergonomic}
   size_t MinHeapDeltaBytes                        = 1048576                                   {product} {ergonomic}
    uintx NonNMethodCodeHeapSize                   = 5830732                                {pd product} {ergonomic}
    uintx NonProfiledCodeHeapSize                  = 122913754                              {pd product} {ergonomic}
    uintx ProfiledCodeHeapSize                     = 122913754                              {pd product} {ergonomic}
    uintx ReservedCodeCacheSize                    = 251658240                              {pd product} {ergonomic}
     bool SegmentedCodeCache                       = true                                      {product} {ergonomic}
     bool UseCompressedClassPointers               = true                                 {lp64_product} {ergonomic}
     bool UseCompressedOops                        = true                                 {lp64_product} {ergonomic}
     bool UseG1GC                                  = true                                      {product} {ergonomic}
     bool UseLargePagesIndividualAllocation        = false                                  {pd product} {ergonomic}

Logging:
Log output configuration:
 #0: stdout all=warning uptime,level,tags
 #1: stderr all=off uptime,level,tags

Environment Variables:
PATH=C:\Program Files\Zulu\zulu-8\bin;C:\Program Files (x86)\Common Files\Intel\Shared Files\cpp\bin\Intel64;C:\WINDOWS\system32;C:\WINDOWS;C:\WINDOWS\System32\Wbem;C:\WINDOWS\System32\WindowsPowerShell\v1.0\;C:\WINDOWS\System32\OpenSSH\;C:\adb;C:\Program Files\dotnet\;C:\Program Files\Git\cmd;C:\Program Files (x86)\NVIDIA Corporation\PhysX\Common;C:\Program Files\Java\jdk-12.0.2\bin;C:\ProgramData\chocolatey\bin;C:\Program Files\nodejs\;C:\Program Files\Dart\dart-sdk\bin;C:\Program Files\NVIDIA Corporation\NVIDIA NvDLISR;C:\gradle-6.8.2\bin;C:\WINDOWS\system32;C:\WINDOWS;C:\WINDOWS\System32\Wbem;C:\WINDOWS\System32\WindowsPowerShell\v1.0\;C:\WINDOWS\System32\OpenSSH\;C:\Users\ASUS\AppData\Local\Programs\Python\Python39\;C:\Users\ASUS\AppData\Local\Programs\Python\Python39\Scripts\;C:\Users\ASUS\AppData\Local\Microsoft\WindowsApps;C:\Program Files\heroku\bin;C:\Users\ASUS\AppData\Local\Programs\Microsoft VS Code\bin;C:\Users\ASUS\AppData\Local\Android\Sdk\platform-tools;C:\Users\ASUS\AppData\Roaming\npm;C:\Program Files\Java\jdk1.8.0_271\bin;C:\Program Files\Java\jre1.8.0_271\bin;C:\tools\dart-sdk\bin;C:\Users\ASUS\AppData\Roaming\Pub\Cache\bin;C:\Users\ASUS\AppData\Local\GitHubDesktop\bin;C:\Program Files\MySQL\MySQL Server 5.7\bin;C:\Program Files\JetBrains\PyCharm Community Edition 2021.1.1\bin;;
USERNAME=ASUS
OS=Windows_NT
PROCESSOR_IDENTIFIER=Intel64 Family 6 Model 69 Stepping 1, GenuineIntel



---------------  S Y S T E M  ---------------

OS: Windows 10 , 64 bit Build 19041 (10.0.19041.1023)
OS uptime: 0 days 20:34 hours

CPU:total 4 (initial active 4) (2 cores per cpu, 2 threads per core) family 6 model 69 stepping 1, cmov, cx8, fxsr, mmx, sse, sse2, sse3, ssse3, sse4.1, sse4.2, popcnt, avx, avx2, aes, clmul, erms, lzcnt, ht, tsc, tscinvbit, bmi1, bmi2, fma

Memory: 4k page, system-wide physical 4000M (81M free)
TotalPageFile size 12192M (AvailPageFile size 14M)
current process WorkingSet (physical memory assigned to process): 270M, peak: 539M
current process commit charge ("private bytes"): 721M, peak: 724M

vm_info: OpenJDK 64-Bit Server VM (11.0.8+10-b944.6842174) for windows-amd64 JRE (11.0.8+10-b944.6842174), built on Sep 19 2020 01:11:42 by "builder" with MS VC++ 14.0 (VS2015)

END.
